8.4997 	WARNING 	Couldn't measure a consistent frame rate!
  - Is your graphics card set to sync to vertical blank?
  - Are you running other processes on your computer?

8.5000 	EXP 	Created window1 = Window(allowGUI=True, allowStencil=False, autoLog=True, backendConf=UNKNOWN, backgroundFit=<method-wrapper '__getattribute__' of attributeSetter object at 0x7fd0516d4be0>, backgroundImage=<method-wrapper '__getattribute__' of attributeSetter object at 0x7fd0516d4b80>, bitsMode=UNKNOWN, blendMode='avg', bpc=(8, 8, 8), color=array([0, 0, 0]), colorSpace='rgb', depthBits=8, fullscr=<method-wrapper '__getattribute__' of attributeSetter object at 0x7fd0516d49d0>, gamma=None, gammaErrorPolicy='raise', lms=UNKNOWN, monitor=<psychopy.monitors.calibTools.Monitor object at 0x7fd080714670>, multiSample=False, name='window1', numSamples=2, pos=(396, 180), screen=0, size=array([1440, 1440]), stencilBits=0, stereo=False, title='PsychoPy', units='height', useFBO=True, useRetina=True, viewOri=0.0, viewPos=None, viewScale=None, waitBlanking=True, winType='pyglet')
8.5001 	EXP 	window1: mouseVisible = True
8.5002 	EXP 	window1: backgroundImage = ''
8.5002 	EXP 	window1: backgroundFit = 'none'
8.5022 	EXP 	window1: Attempting to measure frame rate of screen (0) ...
8.5022 	EXP 	window1: recordFrameIntervals = False
8.5962 	EXP 	window1: recordFrameIntervals = True
9.4312 	WARNING 	Couldn't measure a consistent frame rate!
  - Is your graphics card set to sync to vertical blank?
  - Are you running other processes on your computer?

9.4313 	EXP 	window1: mouseVisible = True
12.0251 	EXP 	1back_category: status = STARTED
12.0254 	EXP 	window1: mouseVisible = True
12.0657 	EXP 	Created sessText = TextStim(__class__=<class 'psychopy.visual.text.TextStim'>, alignHoriz=method-wrapper(...), alignText='center', alignVert=method-wrapper(...), anchorHoriz='center', anchorVert='center', antialias=True, autoDraw=False, autoLog=True, bold=False, color=array([1., 1., 1.]), colorSpace='rgb', contrast=1.0, depth=0.0, draggable=False, flipHoriz=False, flipVert=False, font='Open Sans', fontFiles=[], height=0.05, italic=False, languageStyle='LTR', name='sessText', opacity=1.0, ori=0.0, pos=array([0., 0.]), rgb=UNKNOWN, text='Press Enter to start', units='height', win=Window(...), wrapWidth=1)
12.6116 	EXP 	window1: mouseVisible = True
12.6167 	EXP 	Created trialText = TextStim(__class__=<class 'psychopy.visual.text.TextStim'>, alignHoriz=method-wrapper(...), alignText='center', alignVert=method-wrapper(...), anchorHoriz='center', anchorVert='center', antialias=True, autoDraw=False, autoLog=True, bold=False, color=array([1., 1., 1.]), colorSpace='rgb', contrast=1.0, depth=0.0, draggable=False, flipHoriz=False, flipVert=False, font='Open Sans', fontFiles=[], height=0.05, italic=False, languageStyle='LTR', name='trialText', opacity=1.0, ori=0.0, pos=array([0., 0.]), rgb=UNKNOWN, text='Press Enter to start the trial', units='height', win=Window(...), wrapWidth=1)
13.1189 	EXP 	window1: mouseVisible = True
13.1442 	EXP 	Created img = ImageStim(__class__=<class 'psychopy.visual.image.ImageStim'>, anchor=('center', 'center'), autoLog=True, color=array([1., 1., 1.]), colorSpace='rgb', contrast=1.0, depth=-1.0, draggable=False, flipHoriz=False, flipVert=False, image='default.png', interpolate=True, mask=None, maskParams=None, name='img', opacity=1.0, ori=0.0, pos=array([0., 0.]), size=array([0.5, 0.5]), texRes=128.0, units='height', win=Window(...))
13.6422 	EXP 	window1: mouseVisible = True
13.6509 	EXP 	Created itiText = TextStim(__class__=<class 'psychopy.visual.text.TextStim'>, alignHoriz=method-wrapper(...), alignText='center', alignVert=method-wrapper(...), anchorHoriz='center', anchorVert='center', antialias=True, autoDraw=False, autoLog=True, bold=False, color=array([1., 1., 1.]), colorSpace='rgb', contrast=1.0, depth=0.0, draggable=False, flipHoriz=False, flipVert=False, font='Open Sans', fontFiles=[], height=0.05, italic=False, languageStyle='LTR', name='itiText', opacity=1.0, ori=0.0, pos=array([0., 0.]), rgb=UNKNOWN, text='Next trial in 5s - press Enter to start now', units='height', win=Window(...), wrapWidth=1)
0.0186 	EXP 	Imported 1back_category_trials.csv as conditions, 3 conditions, 12 params
0.0189 	EXP 	Created sequence: sequential, trialTypes=3, nReps=1, seed=None
0.0191 	EXP 	New trial (rep=0, index=0): OrderedDict([('session', 1), ('stim1', '/Users/xiaoxuan/Desktop/202510_proj_nat_abs_pyschopy/images/157_Chairs.png'), ('stim2', '/Users/xiaoxuan/Desktop/202510_proj_nat_abs_pyschopy/images/188_Chairs.png'), ('stim3', '/Users/xiaoxuan/Desktop/202510_proj_nat_abs_pyschopy/images/306_Planes.png'), ('stim4', '/Users/xiaoxuan/Desktop/202510_proj_nat_abs_pyschopy/images/352_Cars.png'), ('stim5', '/Users/xiaoxuan/Desktop/202510_proj_nat_abs_pyschopy/images/386_Cars.png'), ('stim6', '/Users/xiaoxuan/Desktop/202510_proj_nat_abs_pyschopy/images/402_Animals.png'), ('act2', 'x'), ('act3', 'b'), ('act4', 'x'), ('act5', 'b'), ('act6', 'x')])
0.0295 	EXP 	sessText: height = 0.05
0.0295 	EXP 	sessText: height = 0.05
0.0295 	EXP 	sessText: height = 0.05
0.0295 	EXP 	sessText: text = 'Session: 1\nPress Enter to start'
0.0295 	EXP 	sessText: autoDraw = True
0.7625 	DATA 	Keypress: return
0.7638 	EXP 	sessText: autoDraw = False
0.7638 	EXP 	trialText: autoDraw = True
1.2394 	EXP 	Created sequence: sequential, trialTypes=1, nReps=6, seed=None
1.2396 	EXP 	New trial (rep=0, index=0): None
1.2529 	DATA 	Keypress: return
1.2544 	EXP 	trialText: autoDraw = False
1.2544 	EXP 	img: image = '/Users/xiaoxuan/Desktop/202510_proj_nat_abs_pyschopy/images/157_Chairs.png'
1.2544 	EXP 	img: autoDraw = True
2.2400 	EXP 	img: autoDraw = False
3.2393 	EXP 	New trial (rep=1, index=0): None
3.2477 	EXP 	img: autoDraw = False
3.2477 	EXP 	img: image = '/Users/xiaoxuan/Desktop/202510_proj_nat_abs_pyschopy/images/188_Chairs.png'
3.2477 	EXP 	img: autoDraw = True
4.2399 	EXP 	img: autoDraw = False
4.5773 	DATA 	Keypress: x
5.2398 	EXP 	New trial (rep=2, index=0): None
5.2486 	EXP 	img: autoDraw = False
5.2486 	EXP 	img: image = '/Users/xiaoxuan/Desktop/202510_proj_nat_abs_pyschopy/images/306_Planes.png'
5.2486 	EXP 	img: autoDraw = True
6.0083 	DATA 	Keypress: b
6.2402 	EXP 	img: autoDraw = False
7.2397 	EXP 	New trial (rep=3, index=0): None
7.2484 	EXP 	img: autoDraw = False
7.2484 	EXP 	img: image = '/Users/xiaoxuan/Desktop/202510_proj_nat_abs_pyschopy/images/352_Cars.png'
7.2484 	EXP 	img: autoDraw = True
7.5565 	DATA 	Keypress: x
8.2404 	EXP 	img: autoDraw = False
9.2390 	EXP 	New trial (rep=4, index=0): None
9.2468 	EXP 	img: autoDraw = False
9.2468 	EXP 	img: image = '/Users/xiaoxuan/Desktop/202510_proj_nat_abs_pyschopy/images/386_Cars.png'
9.2468 	EXP 	img: autoDraw = True
9.5077 	DATA 	Keypress: b
10.2398 	EXP 	img: autoDraw = False
11.1244 	DATA 	Keypress: x
11.2399 	EXP 	New trial (rep=5, index=0): None
11.2484 	EXP 	img: autoDraw = False
11.2484 	EXP 	img: image = '/Users/xiaoxuan/Desktop/202510_proj_nat_abs_pyschopy/images/402_Animals.png'
11.2484 	EXP 	img: autoDraw = True
12.2400 	EXP 	img: autoDraw = False
12.7424 	DATA 	Keypress: b
13.2400 	EXP 	New trial (rep=0, index=1): OrderedDict([('session', 1), ('stim1', '/Users/xiaoxuan/Desktop/202510_proj_nat_abs_pyschopy/images/157_Chairs.png'), ('stim2', '/Users/xiaoxuan/Desktop/202510_proj_nat_abs_pyschopy/images/188_Chairs.png'), ('stim3', '/Users/xiaoxuan/Desktop/202510_proj_nat_abs_pyschopy/images/306_Planes.png'), ('stim4', '/Users/xiaoxuan/Desktop/202510_proj_nat_abs_pyschopy/images/352_Cars.png'), ('stim5', '/Users/xiaoxuan/Desktop/202510_proj_nat_abs_pyschopy/images/386_Cars.png'), ('stim6', '/Users/xiaoxuan/Desktop/202510_proj_nat_abs_pyschopy/images/402_Animals.png'), ('act2', 'x'), ('act3', 'b'), ('act4', 'x'), ('act5', 'b'), ('act6', 'x')])
13.2426 	EXP 	img: autoDraw = False
13.2426 	EXP 	sessText: autoDraw = False
13.2426 	EXP 	trialText: autoDraw = True
14.1890 	EXP 	Created sequence: sequential, trialTypes=1, nReps=6, seed=None
14.1892 	EXP 	New trial (rep=0, index=0): None
14.1962 	DATA 	Keypress: return
14.1977 	EXP 	trialText: autoDraw = False
14.1977 	EXP 	img: image = '/Users/xiaoxuan/Desktop/202510_proj_nat_abs_pyschopy/images/157_Chairs.png'
14.1977 	EXP 	img: autoDraw = True
14.9104 	DATA 	Keypress: x
15.1907 	EXP 	img: autoDraw = False
16.1411 	DATA 	Keypress: b
16.1898 	EXP 	New trial (rep=1, index=0): None
16.1976 	EXP 	img: autoDraw = False
16.1976 	EXP 	img: image = '/Users/xiaoxuan/Desktop/202510_proj_nat_abs_pyschopy/images/188_Chairs.png'
16.1976 	EXP 	img: autoDraw = True
17.1906 	EXP 	img: autoDraw = False
18.1897 	EXP 	New trial (rep=2, index=0): None
18.1981 	EXP 	img: autoDraw = False
18.1981 	EXP 	img: image = '/Users/xiaoxuan/Desktop/202510_proj_nat_abs_pyschopy/images/306_Planes.png'
18.1981 	EXP 	img: autoDraw = True
18.4901 	DATA 	Keypress: x
19.1904 	EXP 	img: autoDraw = False
20.1902 	EXP 	New trial (rep=3, index=0): None
20.1982 	EXP 	img: autoDraw = False
20.1982 	EXP 	img: image = '/Users/xiaoxuan/Desktop/202510_proj_nat_abs_pyschopy/images/352_Cars.png'
20.1982 	EXP 	img: autoDraw = True
20.4585 	DATA 	Keypress: x
21.1910 	EXP 	img: autoDraw = False
22.1901 	EXP 	New trial (rep=4, index=0): None
22.1993 	EXP 	img: autoDraw = False
22.1993 	EXP 	img: image = '/Users/xiaoxuan/Desktop/202510_proj_nat_abs_pyschopy/images/386_Cars.png'
22.1993 	EXP 	img: autoDraw = True
22.3412 	DATA 	Keypress: b
23.1910 	EXP 	img: autoDraw = False
24.1902 	EXP 	New trial (rep=5, index=0): None
24.1991 	EXP 	img: autoDraw = False
24.1991 	EXP 	img: image = '/Users/xiaoxuan/Desktop/202510_proj_nat_abs_pyschopy/images/402_Animals.png'
24.1991 	EXP 	img: autoDraw = True
24.4751 	DATA 	Keypress: x
25.1913 	EXP 	img: autoDraw = False
26.1905 	EXP 	New trial (rep=0, index=2): OrderedDict([('session', 2), ('stim1', '/Users/xiaoxuan/Desktop/202510_proj_nat_abs_pyschopy/images/157_Chairs.png'), ('stim2', '/Users/xiaoxuan/Desktop/202510_proj_nat_abs_pyschopy/images/188_Chairs.png'), ('stim3', '/Users/xiaoxuan/Desktop/202510_proj_nat_abs_pyschopy/images/306_Planes.png'), ('stim4', '/Users/xiaoxuan/Desktop/202510_proj_nat_abs_pyschopy/images/352_Cars.png'), ('stim5', '/Users/xiaoxuan/Desktop/202510_proj_nat_abs_pyschopy/images/386_Cars.png'), ('stim6', '/Users/xiaoxuan/Desktop/202510_proj_nat_abs_pyschopy/images/402_Animals.png'), ('act2', 'x'), ('act3', 'x'), ('act4', 'b'), ('act5', 'b'), ('act6', 'x')])
26.1985 	EXP 	img: autoDraw = False
26.1985 	EXP 	sessText: height = 0.05
26.1985 	EXP 	sessText: height = 0.05
26.1985 	EXP 	sessText: height = 0.05
26.1985 	EXP 	sessText: text = 'Session: 2\nPress Enter to start'
26.1985 	EXP 	sessText: autoDraw = True
26.8209 	EXP 	sessText: autoDraw = False
26.8209 	EXP 	trialText: autoDraw = True
26.8237 	DATA 	Keypress: return
27.7219 	EXP 	Created sequence: sequential, trialTypes=1, nReps=6, seed=None
27.7222 	EXP 	New trial (rep=0, index=0): None
27.7297 	DATA 	Keypress: return
27.7312 	EXP 	trialText: autoDraw = False
27.7312 	EXP 	img: image = '/Users/xiaoxuan/Desktop/202510_proj_nat_abs_pyschopy/images/157_Chairs.png'
27.7312 	EXP 	img: autoDraw = True
28.3082 	DATA 	Keypress: x
28.7234 	EXP 	img: autoDraw = False
29.7237 	EXP 	New trial (rep=1, index=0): None
29.7308 	EXP 	img: autoDraw = False
29.7308 	EXP 	img: image = '/Users/xiaoxuan/Desktop/202510_proj_nat_abs_pyschopy/images/188_Chairs.png'
29.7308 	EXP 	img: autoDraw = True
30.4091 	DATA 	Keypress: b
30.7237 	EXP 	img: autoDraw = False
31.7236 	EXP 	New trial (rep=2, index=0): None
31.7319 	EXP 	img: autoDraw = False
31.7319 	EXP 	img: image = '/Users/xiaoxuan/Desktop/202510_proj_nat_abs_pyschopy/images/306_Planes.png'
31.7319 	EXP 	img: autoDraw = True
32.0417 	DATA 	Keypress: x
32.7238 	EXP 	img: autoDraw = False
33.7231 	EXP 	New trial (rep=3, index=0): None
33.7294 	EXP 	img: autoDraw = False
33.7294 	EXP 	img: image = '/Users/xiaoxuan/Desktop/202510_proj_nat_abs_pyschopy/images/352_Cars.png'
33.7294 	EXP 	img: autoDraw = True
33.8590 	DATA 	Keypress: b
34.7237 	EXP 	img: autoDraw = False
35.7237 	EXP 	New trial (rep=4, index=0): None
35.7321 	EXP 	img: autoDraw = False
35.7321 	EXP 	img: image = '/Users/xiaoxuan/Desktop/202510_proj_nat_abs_pyschopy/images/386_Cars.png'
35.7321 	EXP 	img: autoDraw = True
36.1591 	DATA 	Keypress: b
36.7241 	EXP 	img: autoDraw = False
37.7237 	EXP 	New trial (rep=5, index=0): None
37.7304 	EXP 	img: autoDraw = False
37.7304 	EXP 	img: image = '/Users/xiaoxuan/Desktop/202510_proj_nat_abs_pyschopy/images/402_Animals.png'
37.7304 	EXP 	img: autoDraw = True
38.0597 	DATA 	Keypress: b
38.7240 	EXP 	img: autoDraw = False
39.7267 	EXP 	img: autoDraw = False
39.7267 	EXP 	itiText: autoDraw = True
39.8264 	DATA 	Keypress: b
41.6074 	DATA 	Keypress: return
41.6084 	EXP 	itiText: autoDraw = False
41.6085 	EXP 	1back_category: status = STOPPED
41.6293 	EXP 	window1: mouseVisible = True
