17.7053 	WARNING 	Couldn't measure a consistent frame rate!
  - Is your graphics card set to sync to vertical blank?
  - Are you running other processes on your computer?

17.7056 	EXP 	Created window1 = Window(allowGUI=True, allowStencil=False, autoLog=True, backendConf=UNKNOWN, backgroundFit=<method-wrapper '__getattribute__' of attributeSetter object at 0x7fb2523af7f0>, backgroundImage=<method-wrapper '__getattribute__' of attributeSetter object at 0x7fb2523af790>, bitsMode=UNKNOWN, blendMode='avg', bpc=(8, 8, 8), color=array([0, 0, 0]), colorSpace='rgb', depthBits=8, fullscr=<method-wrapper '__getattribute__' of attributeSetter object at 0x7fb2523af610>, gamma=None, gammaErrorPolicy='raise', lms=UNKNOWN, monitor=<psychopy.monitors.calibTools.Monitor object at 0x7fb2809ea2e0>, multiSample=False, name='window1', numSamples=2, pos=(396, 180), screen=0, size=array([1440, 1440]), stencilBits=0, stereo=False, title='PsychoPy', units='height', useFBO=True, useRetina=True, viewOri=0.0, viewPos=None, viewScale=None, waitBlanking=True, winType='pyglet')
17.7057 	EXP 	window1: mouseVisible = True
17.7057 	EXP 	window1: backgroundImage = ''
17.7057 	EXP 	window1: backgroundFit = 'none'
17.7078 	EXP 	window1: Attempting to measure frame rate of screen (0) ...
17.7078 	EXP 	window1: recordFrameIntervals = False
17.7885 	EXP 	window1: recordFrameIntervals = True
18.6227 	WARNING 	Couldn't measure a consistent frame rate!
  - Is your graphics card set to sync to vertical blank?
  - Are you running other processes on your computer?

18.6229 	EXP 	window1: mouseVisible = True
21.4813 	EXP 	1back_category: status = STARTED
21.4822 	EXP 	window1: mouseVisible = True
21.5272 	EXP 	Created sessText = TextStim(__class__=<class 'psychopy.visual.text.TextStim'>, alignHoriz=method-wrapper(...), alignText='center', alignVert=method-wrapper(...), anchorHoriz='center', anchorVert='center', antialias=True, autoDraw=False, autoLog=True, bold=False, color=array([1., 1., 1.]), colorSpace='rgb', contrast=1.0, depth=0.0, draggable=False, flipHoriz=False, flipVert=False, font='Open Sans', fontFiles=[], height=0.05, italic=False, languageStyle='LTR', name='sessText', opacity=1.0, ori=0.0, pos=array([0., 0.]), rgb=UNKNOWN, text='Press Enter to start', units='height', win=Window(...), wrapWidth=1)
22.0696 	EXP 	window1: mouseVisible = True
22.0750 	EXP 	Created trialText = TextStim(__class__=<class 'psychopy.visual.text.TextStim'>, alignHoriz=method-wrapper(...), alignText='center', alignVert=method-wrapper(...), anchorHoriz='center', anchorVert='center', antialias=True, autoDraw=False, autoLog=True, bold=False, color=array([1., 1., 1.]), colorSpace='rgb', contrast=1.0, depth=0.0, draggable=False, flipHoriz=False, flipVert=False, font='Open Sans', fontFiles=[], height=0.05, italic=False, languageStyle='LTR', name='trialText', opacity=1.0, ori=0.0, pos=array([0., 0.]), rgb=UNKNOWN, text='Press Enter to start the trial', units='height', win=Window(...), wrapWidth=1)
22.6226 	EXP 	window1: mouseVisible = True
22.6672 	EXP 	Created img = ImageStim(__class__=<class 'psychopy.visual.image.ImageStim'>, anchor=('center', 'center'), autoLog=True, color=array([1., 1., 1.]), colorSpace='rgb', contrast=1.0, depth=-1.0, draggable=False, flipHoriz=False, flipVert=False, image='default.png', interpolate=True, mask=None, maskParams=None, name='img', opacity=1.0, ori=0.0, pos=array([0., 0.]), size=array([0.5, 0.5]), texRes=128.0, units='height', win=Window(...))
23.2163 	EXP 	window1: mouseVisible = True
23.2240 	EXP 	Created itiText = TextStim(__class__=<class 'psychopy.visual.text.TextStim'>, alignHoriz=method-wrapper(...), alignText='center', alignVert=method-wrapper(...), anchorHoriz='center', anchorVert='center', antialias=True, autoDraw=False, autoLog=True, bold=False, color=array([1., 1., 1.]), colorSpace='rgb', contrast=1.0, depth=0.0, draggable=False, flipHoriz=False, flipVert=False, font='Open Sans', fontFiles=[], height=0.05, italic=False, languageStyle='LTR', name='itiText', opacity=1.0, ori=0.0, pos=array([0., 0.]), rgb=UNKNOWN, text='Next trial in 5s - press Enter to start now', units='height', win=Window(...), wrapWidth=1)
0.0102 	EXP 	Imported 1back_category_trials.csv as conditions, 3 conditions, 12 params
0.0113 	EXP 	Created sequence: sequential, trialTypes=3, nReps=1, seed=None
0.0115 	EXP 	New trial (rep=0, index=0): OrderedDict([('session', 1), ('stim1', '/Users/xiaoxuan/Desktop/202510_proj_nat_abs_pyschopy/images/157_Chairs.png'), ('stim2', '/Users/xiaoxuan/Desktop/202510_proj_nat_abs_pyschopy/images/188_Chairs.png'), ('stim3', '/Users/xiaoxuan/Desktop/202510_proj_nat_abs_pyschopy/images/306_Planes.png'), ('stim4', '/Users/xiaoxuan/Desktop/202510_proj_nat_abs_pyschopy/images/352_Cars.png'), ('stim5', '/Users/xiaoxuan/Desktop/202510_proj_nat_abs_pyschopy/images/386_Cars.png'), ('stim6', '/Users/xiaoxuan/Desktop/202510_proj_nat_abs_pyschopy/images/402_Animals.png'), ('act2', 'x'), ('act3', 'b'), ('act4', 'x'), ('act5', 'b'), ('act6', 'x')])
0.0250 	WARNING 	t of last frame was 21.94ms (=1/45)
0.0250 	EXP 	sessText: height = 0.05
0.0250 	EXP 	sessText: height = 0.05
0.0250 	EXP 	sessText: height = 0.05
0.0250 	EXP 	sessText: text = 'Session: 1\nPress Enter to start'
0.0250 	EXP 	sessText: autoDraw = True
1.7280 	DATA 	Keypress: return
1.7291 	EXP 	sessText: autoDraw = False
1.7291 	EXP 	trialText: autoDraw = True
3.2575 	EXP 	Created sequence: sequential, trialTypes=1, nReps=6, seed=None
3.2577 	EXP 	New trial (rep=0, index=0): None
4.4139 	DATA 	Keypress: return
4.4163 	WARNING 	t of last frame was 1159.51ms (=1/0)
4.4163 	EXP 	trialText: autoDraw = False
4.4163 	EXP 	img: image = '/Users/xiaoxuan/Desktop/202510_proj_nat_abs_pyschopy/images/157_Chairs.png'
4.4163 	EXP 	img: autoDraw = True
4.4292 	EXP 	window1: mouseVisible = True
