8.5229 	WARNING 	Couldn't measure a consistent frame rate!
  - Is your graphics card set to sync to vertical blank?
  - Are you running other processes on your computer?

8.5232 	EXP 	Created window1 = Window(allowGUI=True, allowStencil=False, autoLog=True, backendConf=UNKNOWN, backgroundFit=<method-wrapper '__getattribute__' of attributeSetter object at 0x7f914a43f7c0>, backgroundImage=<method-wrapper '__getattribute__' of attributeSetter object at 0x7f914a43f760>, bitsMode=UNKNOWN, blendMode='avg', bpc=(8, 8, 8), color=array([0, 0, 0]), colorSpace='rgb', depthBits=8, fullscr=<method-wrapper '__getattribute__' of attributeSetter object at 0x7f914a43f5e0>, gamma=None, gammaErrorPolicy='raise', lms=UNKNOWN, monitor=<psychopy.monitors.calibTools.Monitor object at 0x7f914a5e22b0>, multiSample=False, name='window1', numSamples=2, pos=(396, 180), screen=0, size=array([1440, 1440]), stencilBits=0, stereo=False, title='PsychoPy', units='height', useFBO=True, useRetina=True, viewOri=0.0, viewPos=None, viewScale=None, waitBlanking=True, winType='pyglet')
8.5234 	EXP 	window1: mouseVisible = True
8.5234 	EXP 	window1: backgroundImage = ''
8.5234 	EXP 	window1: backgroundFit = 'none'
8.5256 	EXP 	window1: Attempting to measure frame rate of screen (0) ...
8.5256 	EXP 	window1: recordFrameIntervals = False
8.6062 	EXP 	window1: recordFrameIntervals = True
9.4414 	WARNING 	Couldn't measure a consistent frame rate!
  - Is your graphics card set to sync to vertical blank?
  - Are you running other processes on your computer?

9.4416 	EXP 	window1: mouseVisible = True
12.0355 	EXP 	1back_category: status = STARTED
12.0360 	EXP 	window1: mouseVisible = True
12.0771 	EXP 	Created sessText = TextStim(__class__=<class 'psychopy.visual.text.TextStim'>, alignHoriz=method-wrapper(...), alignText='center', alignVert=method-wrapper(...), anchorHoriz='center', anchorVert='center', antialias=True, autoDraw=False, autoLog=True, bold=False, color=array([1., 1., 1.]), colorSpace='rgb', contrast=1.0, depth=0.0, draggable=False, flipHoriz=False, flipVert=False, font='Open Sans', fontFiles=[], height=0.05, italic=False, languageStyle='LTR', name='sessText', opacity=1.0, ori=0.0, pos=array([0., 0.]), rgb=UNKNOWN, text='Press Enter to start', units='height', win=Window(...), wrapWidth=1)
12.6193 	EXP 	window1: mouseVisible = True
12.6252 	EXP 	Created trialText = TextStim(__class__=<class 'psychopy.visual.text.TextStim'>, alignHoriz=method-wrapper(...), alignText='center', alignVert=method-wrapper(...), anchorHoriz='center', anchorVert='center', antialias=True, autoDraw=False, autoLog=True, bold=False, color=array([1., 1., 1.]), colorSpace='rgb', contrast=1.0, depth=0.0, draggable=False, flipHoriz=False, flipVert=False, font='Open Sans', fontFiles=[], height=0.05, italic=False, languageStyle='LTR', name='trialText', opacity=1.0, ori=0.0, pos=array([0., 0.]), rgb=UNKNOWN, text='Press Enter to start the trial', units='height', win=Window(...), wrapWidth=1)
13.1607 	EXP 	window1: mouseVisible = True
13.1847 	EXP 	Created img = ImageStim(__class__=<class 'psychopy.visual.image.ImageStim'>, anchor=('center', 'center'), autoLog=True, color=array([1., 1., 1.]), colorSpace='rgb', contrast=1.0, depth=-1.0, draggable=False, flipHoriz=False, flipVert=False, image='default.png', interpolate=True, mask=None, maskParams=None, name='img', opacity=1.0, ori=0.0, pos=array([0., 0.]), size=array([0.5, 0.5]), texRes=128.0, units='height', win=Window(...))
13.7230 	EXP 	window1: mouseVisible = True
13.7308 	EXP 	Created itiText = TextStim(__class__=<class 'psychopy.visual.text.TextStim'>, alignHoriz=method-wrapper(...), alignText='center', alignVert=method-wrapper(...), anchorHoriz='center', anchorVert='center', antialias=True, autoDraw=False, autoLog=True, bold=False, color=array([1., 1., 1.]), colorSpace='rgb', contrast=1.0, depth=0.0, draggable=False, flipHoriz=False, flipVert=False, font='Open Sans', fontFiles=[], height=0.05, italic=False, languageStyle='LTR', name='itiText', opacity=1.0, ori=0.0, pos=array([0., 0.]), rgb=UNKNOWN, text='Next trial in 5s - press Enter to start now', units='height', win=Window(...), wrapWidth=1)
0.0200 	EXP 	Imported 1back_category_trials.csv as conditions, 3 conditions, 12 params
0.0204 	EXP 	Created sequence: sequential, trialTypes=3, nReps=1, seed=None
0.0206 	EXP 	New trial (rep=0, index=0): OrderedDict([('session', 1), ('stim1', '/Users/xiaoxuan/Desktop/202510_proj_nat_abs_pyschopy/images/157_Chairs.png'), ('stim2', '/Users/xiaoxuan/Desktop/202510_proj_nat_abs_pyschopy/images/188_Chairs.png'), ('stim3', '/Users/xiaoxuan/Desktop/202510_proj_nat_abs_pyschopy/images/306_Planes.png'), ('stim4', '/Users/xiaoxuan/Desktop/202510_proj_nat_abs_pyschopy/images/352_Cars.png'), ('stim5', '/Users/xiaoxuan/Desktop/202510_proj_nat_abs_pyschopy/images/386_Cars.png'), ('stim6', '/Users/xiaoxuan/Desktop/202510_proj_nat_abs_pyschopy/images/402_Animals.png'), ('act2', 'x'), ('act3', 'b'), ('act4', 'x'), ('act5', 'b'), ('act6', 'x')])
0.0314 	EXP 	sessText: height = 0.05
0.0314 	EXP 	sessText: height = 0.05
0.0314 	EXP 	sessText: height = 0.05
0.0314 	EXP 	sessText: text = 'Session: 1\nPress Enter to start'
0.0314 	EXP 	sessText: autoDraw = True
0.9355 	DATA 	Keypress: return
0.9367 	EXP 	sessText: autoDraw = False
0.9367 	EXP 	trialText: autoDraw = True
1.2954 	EXP 	Created sequence: sequential, trialTypes=1, nReps=6, seed=None
1.2956 	EXP 	New trial (rep=0, index=0): None
1.2972 	DATA 	Keypress: return
1.3079 	EXP 	trialText: autoDraw = False
1.3079 	EXP 	img: image = '/Users/xiaoxuan/Desktop/202510_proj_nat_abs_pyschopy/images/157_Chairs.png'
1.3079 	EXP 	img: autoDraw = True
2.2974 	EXP 	img: autoDraw = False
3.2969 	EXP 	New trial (rep=1, index=0): None
4.3542 	WARNING 	t of last frame was 1057.91ms (=1/0)
4.3542 	EXP 	img: autoDraw = False
4.3542 	EXP 	img: image = '/Users/xiaoxuan/Desktop/202510_proj_nat_abs_pyschopy/images/188_Chairs.png'
4.3542 	EXP 	img: autoDraw = True
4.8841 	DATA 	Keypress: x
5.2970 	EXP 	New trial (rep=2, index=0): None
6.1600 	WARNING 	t of last frame was 863.65ms (=1/1)
6.1600 	EXP 	img: autoDraw = False
6.1600 	EXP 	img: image = '/Users/xiaoxuan/Desktop/202510_proj_nat_abs_pyschopy/images/306_Planes.png'
6.1600 	EXP 	img: autoDraw = True
6.9153 	DATA 	Keypress: b
7.1477 	EXP 	img: autoDraw = False
7.2970 	EXP 	New trial (rep=3, index=0): None
8.1647 	WARNING 	t of last frame was 868.36ms (=1/1)
8.1647 	EXP 	img: autoDraw = False
8.1647 	EXP 	img: image = '/Users/xiaoxuan/Desktop/202510_proj_nat_abs_pyschopy/images/352_Cars.png'
8.1647 	EXP 	img: autoDraw = True
8.6838 	DATA 	Keypress: x
9.1631 	EXP 	img: autoDraw = False
9.2973 	EXP 	New trial (rep=4, index=0): None
10.0174 	WARNING 	t of last frame was 720.80ms (=1/1)
10.0174 	EXP 	img: autoDraw = False
10.0174 	EXP 	img: image = '/Users/xiaoxuan/Desktop/202510_proj_nat_abs_pyschopy/images/386_Cars.png'
10.0174 	EXP 	img: autoDraw = True
10.2999 	DATA 	Keypress: b
11.0144 	EXP 	img: autoDraw = False
11.2972 	EXP 	New trial (rep=5, index=0): None
12.2176 	WARNING 	Multiple dropped frames have occurred - I'll stop bothering you about them!
12.2175 	EXP 	img: autoDraw = False
12.2175 	EXP 	img: image = '/Users/xiaoxuan/Desktop/202510_proj_nat_abs_pyschopy/images/402_Animals.png'
12.2175 	EXP 	img: autoDraw = True
12.4822 	DATA 	Keypress: x
13.2142 	EXP 	img: autoDraw = False
13.2973 	EXP 	New trial (rep=0, index=1): OrderedDict([('session', 1), ('stim1', '/Users/xiaoxuan/Desktop/202510_proj_nat_abs_pyschopy/images/157_Chairs.png'), ('stim2', '/Users/xiaoxuan/Desktop/202510_proj_nat_abs_pyschopy/images/188_Chairs.png'), ('stim3', '/Users/xiaoxuan/Desktop/202510_proj_nat_abs_pyschopy/images/306_Planes.png'), ('stim4', '/Users/xiaoxuan/Desktop/202510_proj_nat_abs_pyschopy/images/352_Cars.png'), ('stim5', '/Users/xiaoxuan/Desktop/202510_proj_nat_abs_pyschopy/images/386_Cars.png'), ('stim6', '/Users/xiaoxuan/Desktop/202510_proj_nat_abs_pyschopy/images/402_Animals.png'), ('act2', 'x'), ('act3', 'b'), ('act4', 'x'), ('act5', 'b'), ('act6', 'x')])
13.2993 	EXP 	img: autoDraw = False
13.2993 	EXP 	sessText: autoDraw = False
13.2993 	EXP 	trialText: autoDraw = True
14.2659 	EXP 	Created sequence: sequential, trialTypes=1, nReps=6, seed=None
14.2661 	EXP 	New trial (rep=0, index=0): None
14.2716 	DATA 	Keypress: return
14.2785 	EXP 	trialText: autoDraw = False
14.2785 	EXP 	img: image = '/Users/xiaoxuan/Desktop/202510_proj_nat_abs_pyschopy/images/157_Chairs.png'
14.2785 	EXP 	img: autoDraw = True
15.2649 	EXP 	img: autoDraw = False
16.2639 	EXP 	New trial (rep=1, index=0): None
16.2689 	EXP 	img: autoDraw = False
16.2689 	EXP 	img: image = '/Users/xiaoxuan/Desktop/202510_proj_nat_abs_pyschopy/images/188_Chairs.png'
16.2689 	EXP 	img: autoDraw = True
17.2645 	EXP 	img: autoDraw = False
18.2411 	DATA 	Keypress: escape
18.2442 	EXP 	1back_category: status = STOPPED
18.2634 	EXP 	1back_category: status = STOPPED
18.2754 	EXP 	window1: mouseVisible = True
