19.8051 	INFO 	Loaded monitor calibration from ['2022_04_13 13:32']
19.9642 	INFO 	Using renderer 'AMD Radeon Pro 5500M OpenGL Engine' for graphics
19.9642 	INFO 	OpenGL version supported by driver is 2..
19.9797 	EXP 	Created window1 = Window(allowGUI=True, allowStencil=False, autoLog=True, backendConf=UNKNOWN, backgroundFit=<method-wrapper '__getattribute__' of attributeSetter object at 0x135060b50>, backgroundImage=<method-wrapper '__getattribute__' of attributeSetter object at 0x135060bb0>, bitsMode=UNKNOWN, blendMode='avg', bpc=(8, 8, 8), color=array([0, 0, 0]), colorSpace='rgb', depthBits=8, fullscr=False, gamma=None, gammaErrorPolicy='raise', infoMsg=UNKNOWN, lms=UNKNOWN, monitor=<psychopy.monitors.calibTools.Monitor object at 0x134e95000>, multiSample=False, name='window1', numSamples=2, pos=[np.float64(176.0), np.float64(60.0)], screen=0, size=array([1600, 1200]), stencilBits=0, stereo=False, title='PsychoPy', units='height', useFBO=True, useRetina=True, viewOri=0.0, viewPos=None, viewScale=None, waitBlanking=True, winType='pyglet')
19.9798 	EXP 	window1: backgroundImage = ''
19.9798 	EXP 	window1: backgroundFit = 'none'
20.0033 	DEBUG 	TextBox2 loaded 1 chars with 0 blanks and 1 valid
20.0163 	DEBUG 	TextBox2 loaded 1 chars with 0 blanks and 1 valid
20.0293 	DEBUG 	TextBox2 loaded 1 chars with 0 blanks and 1 valid
20.0426 	DEBUG 	TextBox2 loaded 1 chars with 0 blanks and 1 valid
20.0559 	DEBUG 	TextBox2 loaded 1 chars with 0 blanks and 1 valid
20.0685 	DEBUG 	TextBox2 loaded 1 chars with 0 blanks and 1 valid
20.0812 	DEBUG 	TextBox2 loaded 1 chars with 0 blanks and 1 valid
20.0946 	DEBUG 	TextBox2 loaded 1 chars with 0 blanks and 1 valid
20.1069 	DEBUG 	TextBox2 loaded 1 chars with 0 blanks and 1 valid
20.1199 	DEBUG 	TextBox2 loaded 1 chars with 0 blanks and 1 valid
20.1324 	DEBUG 	TextBox2 loaded 1 chars with 0 blanks and 1 valid
20.1444 	DEBUG 	TextBox2 loaded 1 chars with 0 blanks and 1 valid
20.1567 	DEBUG 	TextBox2 loaded 1 chars with 0 blanks and 1 valid
20.1720 	DEBUG 	TextBox2 loaded 1 chars with 0 blanks and 1 valid
20.1848 	DEBUG 	TextBox2 loaded 1 chars with 0 blanks and 1 valid
20.1979 	DEBUG 	TextBox2 loaded 1 chars with 0 blanks and 1 valid
20.2115 	DEBUG 	TextBox2 loaded 1 chars with 0 blanks and 1 valid
20.2245 	DEBUG 	TextBox2 loaded 1 chars with 0 blanks and 1 valid
20.2372 	DEBUG 	TextBox2 loaded 1 chars with 0 blanks and 1 valid
20.2505 	DEBUG 	TextBox2 loaded 1 chars with 0 blanks and 1 valid
20.2632 	DEBUG 	TextBox2 loaded 1 chars with 0 blanks and 1 valid
20.2636 	DEBUG 	Uploading Texture Font fontname to graphics card
20.2659 	DEBUG 	Upload of Texture Font fontname complete
20.2856 	DEBUG 	TextBox2 loaded 1 chars with 0 blanks and 1 valid
20.2984 	DEBUG 	TextBox2 loaded 1 chars with 0 blanks and 1 valid
20.3118 	DEBUG 	TextBox2 loaded 1 chars with 0 blanks and 1 valid
20.3123 	DEBUG 	Uploading Texture Font fontname to graphics card
20.3128 	DEBUG 	Upload of Texture Font fontname complete
20.3148 	EXP 	window1: Attempting to measure frame rate of screen (0) ...
20.3148 	EXP 	window1: recordFrameIntervals = False
20.6552 	EXP 	window1: recordFrameIntervals = True
21.0279 	DATA 	Keypress: return
21.5058 	WARNING 	Couldn't measure a consistent frame rate!
  - Is your graphics card set to sync to vertical blank?
  - Are you running other processes on your computer?

21.5249 	DEBUG 	TextBox2 loaded 1 chars with 0 blanks and 1 valid
21.5376 	DEBUG 	TextBox2 loaded 1 chars with 0 blanks and 1 valid
21.5492 	DEBUG 	TextBox2 loaded 1 chars with 0 blanks and 1 valid
21.5642 	DEBUG 	TextBox2 loaded 1 chars with 0 blanks and 1 valid
21.5763 	DEBUG 	TextBox2 loaded 1 chars with 0 blanks and 1 valid
21.5883 	DEBUG 	TextBox2 loaded 1 chars with 0 blanks and 1 valid
21.6042 	DEBUG 	TextBox2 loaded 1 chars with 0 blanks and 1 valid
21.6184 	DEBUG 	TextBox2 loaded 1 chars with 0 blanks and 1 valid
21.6302 	DEBUG 	TextBox2 loaded 1 chars with 0 blanks and 1 valid
21.6436 	DEBUG 	TextBox2 loaded 1 chars with 0 blanks and 1 valid
21.6439 	DEBUG 	Uploading Texture Font fontname to graphics card
21.6443 	DEBUG 	Upload of Texture Font fontname complete
23.6503 	INFO 	keyboard.Keyboard is using ptb backend.
24.0350 	INFO 	keyboard.Keyboard is using ptb backend.
24.4130 	INFO 	keyboard.Keyboard is using ptb backend.
24.7860 	INFO 	keyboard.Keyboard is using ptb backend.
25.1681 	INFO 	keyboard.Keyboard is using ptb backend.
25.1681 	EXP 	1back_category: status = STARTED
25.2068 	EXP 	Created sessText = TextStim(__class__=<class 'psychopy.visual.text.TextStim'>, alignHoriz=method-wrapper(...), alignText='center', alignVert=method-wrapper(...), anchorHoriz='center', anchorVert='center', antialias=True, autoDraw=False, autoLog=True, bold=False, color=array([1., 1., 1.]), colorSpace='rgb', contrast=1.0, depth=0.0, draggable=False, flipHoriz=False, flipVert=False, font='Open Sans', fontFiles=[], height=np.float64(0.05), italic=False, languageStyle='LTR', name='sessText', opacity=1, ori=0.0, pos=array([0., 0.]), rgb=UNKNOWN, text='Press Enter to start', units='height', win=Window(...), wrapWidth=1)
25.2116 	EXP 	Created trialText = TextStim(__class__=<class 'psychopy.visual.text.TextStim'>, alignHoriz=method-wrapper(...), alignText='center', alignVert=method-wrapper(...), anchorHoriz='center', anchorVert='center', antialias=True, autoDraw=False, autoLog=True, bold=False, color=array([1., 1., 1.]), colorSpace='rgb', contrast=1.0, depth=0.0, draggable=False, flipHoriz=False, flipVert=False, font='Open Sans', fontFiles=[], height=np.float64(0.05), italic=False, languageStyle='LTR', name='trialText', opacity=1, ori=0.0, pos=array([0., 0.]), rgb=UNKNOWN, text='Press Enter to start the trial', units='height', win=Window(...), wrapWidth=1)
25.2249 	EXP 	Created img = ImageStim(__class__=<class 'psychopy.visual.image.ImageStim'>, anchor=('center', 'center'), autoLog=True, color=array([1., 1., 1.]), colorSpace='rgb', contrast=1.0, depth=0.0, draggable=False, flipHoriz=np.False_, flipVert=np.False_, image='default.png', interpolate=True, mask=None, maskParams=None, name='img', opacity=1, ori=0.0, pos=array([0., 0.]), size=array([0.5, 0.5]), texRes=128.0, units='height', win=Window(...))
25.2319 	EXP 	Created itiText = TextStim(__class__=<class 'psychopy.visual.text.TextStim'>, alignHoriz=method-wrapper(...), alignText='center', alignVert=method-wrapper(...), anchorHoriz='center', anchorVert='center', antialias=True, autoDraw=False, autoLog=True, bold=False, color=array([1., 1., 1.]), colorSpace='rgb', contrast=1.0, depth=0.0, draggable=False, flipHoriz=False, flipVert=False, font='Open Sans', fontFiles=[], height=np.float64(0.05), italic=False, languageStyle='LTR', name='itiText', opacity=1, ori=0.0, pos=array([0., 0.]), rgb=UNKNOWN, text='Next trial in 5s - press Enter to start now', units='height', win=Window(...), wrapWidth=1)
0.0238 	DEBUG 	Read csv file with pandas: 1back_category_trials.csv
0.0249 	DEBUG 	Clearing unnamed columns from 1back_category_trials.csv
0.0260 	EXP 	Imported 1back_category_trials.csv as conditions, 3 conditions, 12 params
0.0263 	EXP 	New trial (rep=0, index=0): <Trial 0 (0 in rep 0) data={'session': np.int64(1), 'stim1': 'images/157_Chairs.png', 'stim2': 'images/188_Chairs.png', 'stim3': 'images/306_Planes.png', 'stim4': 'images/352_Cars.png', 'stim5': 'images/386_Cars.png', 'stim6': 'images/402_Animals.png', 'act2': 'x', 'act3': 'b', 'act4': 'x', 'act5': 'b', 'act6': 'x', 'thisN': 0, 'thisTrialN': 0, 'thisRepN': 0}>
0.0378 	INFO 	Keyboard events cleared
0.0377 	WARNING 	t of last frame was 36.13ms (=1/27)
0.0377 	EXP 	sessText: height = np.float64(0.05)
0.0377 	EXP 	sessText: height = np.float64(0.05)
0.0377 	EXP 	sessText: height = np.float64(0.05)
0.0377 	EXP 	sessText: text = 'Session: 1\nPress Enter to start'
0.0377 	EXP 	sessText: autoDraw = True
0.6650 	EXP 	Device response: <KeyPress from None: t=0.4926155200228095, value=return, duration=None>
0.6652 	EXP 	Device response: <KeyPress from None: t=0.4926155200228095, value=return, duration=0.07551546592731029>
0.6684 	DATA 	Keypress: return
0.6714 	INFO 	Keyboard events cleared
0.6713 	WARNING 	t of last frame was 180.18ms (=1/5)
0.6713 	EXP 	sessText: autoDraw = False
0.6713 	EXP 	trialText: autoDraw = True
0.9742 	EXP 	Device response: <KeyPress from None: t=0.9720928500173613, value=return, duration=None>
0.9745 	EXP 	New trial (rep=0, index=0): <Trial 0 (0 in rep 0) data={'thisN': 0, 'thisTrialN': 0, 'thisRepN': 0}>
0.9855 	DEBUG 	Saving data for 1back_category ExperimentHandler
0.9861 	INFO 	saved data to /Users/xiaoxuan/Desktop/202510_proj_nat_abs_pyschopy/1back_category/data/pilot_1back_category_2025-10-12_13h42.15.088.psydat
0.9866 	INFO 	saved data to '/Users/xiaoxuan/Desktop/202510_proj_nat_abs_pyschopy/1back_category/data/pilot_1back_category_2025-10-12_13h42.15.088.csv'
0.9877 	WARNING 	Stopping key buffers but this could be dangerous ifother keyboards rely on the same.
0.9878 	WARNING 	Stopping key buffers but this could be dangerous ifother keyboards rely on the same.
0.9878 	WARNING 	Stopping key buffers but this could be dangerous ifother keyboards rely on the same.
0.9878 	WARNING 	Stopping key buffers but this could be dangerous ifother keyboards rely on the same.
0.9878 	WARNING 	Stopping key buffers but this could be dangerous ifother keyboards rely on the same.
