19.5804 	INFO 	Loaded monitor calibration from ['2022_04_13 13:32']
19.7288 	INFO 	Using renderer 'AMD Radeon Pro 5500M OpenGL Engine' for graphics
19.7288 	INFO 	OpenGL version supported by driver is 2..
19.7420 	EXP 	Created window1 = Window(allowGUI=True, allowStencil=False, autoLog=True, backendConf=UNKNOWN, backgroundFit=<method-wrapper '__getattribute__' of attributeSetter object at 0x1347c5690>, backgroundImage=<method-wrapper '__getattribute__' of attributeSetter object at 0x1347c5630>, bitsMode=UNKNOWN, blendMode='avg', bpc=(8, 8, 8), color=array([0, 0, 0]), colorSpace='rgb', depthBits=8, fullscr=False, gamma=None, gammaErrorPolicy='raise', infoMsg=UNKNOWN, lms=UNKNOWN, monitor=<psychopy.monitors.calibTools.Monitor object at 0x13478ee30>, multiSample=False, name='window1', numSamples=2, pos=[np.float64(176.0), np.float64(60.0)], screen=0, size=array([1600, 1200]), stencilBits=0, stereo=False, title='PsychoPy', units='height', useFBO=True, useRetina=True, viewOri=0.0, viewPos=None, viewScale=None, waitBlanking=True, winType='pyglet')
19.7421 	EXP 	window1: backgroundImage = ''
19.7421 	EXP 	window1: backgroundFit = 'none'
19.7627 	DEBUG 	TextBox2 loaded 1 chars with 0 blanks and 1 valid
19.7753 	DEBUG 	TextBox2 loaded 1 chars with 0 blanks and 1 valid
19.7890 	DEBUG 	TextBox2 loaded 1 chars with 0 blanks and 1 valid
19.8005 	DEBUG 	TextBox2 loaded 1 chars with 0 blanks and 1 valid
19.8142 	DEBUG 	TextBox2 loaded 1 chars with 0 blanks and 1 valid
19.8268 	DEBUG 	TextBox2 loaded 1 chars with 0 blanks and 1 valid
19.8386 	DEBUG 	TextBox2 loaded 1 chars with 0 blanks and 1 valid
19.8510 	DEBUG 	TextBox2 loaded 1 chars with 0 blanks and 1 valid
19.8637 	DEBUG 	TextBox2 loaded 1 chars with 0 blanks and 1 valid
19.8776 	DEBUG 	TextBox2 loaded 1 chars with 0 blanks and 1 valid
19.8906 	DEBUG 	TextBox2 loaded 1 chars with 0 blanks and 1 valid
19.9035 	DEBUG 	TextBox2 loaded 1 chars with 0 blanks and 1 valid
19.9161 	DEBUG 	TextBox2 loaded 1 chars with 0 blanks and 1 valid
19.9274 	DEBUG 	TextBox2 loaded 1 chars with 0 blanks and 1 valid
19.9388 	DEBUG 	TextBox2 loaded 1 chars with 0 blanks and 1 valid
19.9498 	DEBUG 	TextBox2 loaded 1 chars with 0 blanks and 1 valid
19.9612 	DEBUG 	TextBox2 loaded 1 chars with 0 blanks and 1 valid
19.9746 	DEBUG 	TextBox2 loaded 1 chars with 0 blanks and 1 valid
19.9865 	DEBUG 	TextBox2 loaded 1 chars with 0 blanks and 1 valid
19.9977 	DEBUG 	TextBox2 loaded 1 chars with 0 blanks and 1 valid
20.0084 	DEBUG 	TextBox2 loaded 1 chars with 0 blanks and 1 valid
20.0087 	DEBUG 	Uploading Texture Font fontname to graphics card
20.0114 	DEBUG 	Upload of Texture Font fontname complete
20.0298 	DEBUG 	TextBox2 loaded 1 chars with 0 blanks and 1 valid
20.0419 	DEBUG 	TextBox2 loaded 1 chars with 0 blanks and 1 valid
20.0536 	DEBUG 	TextBox2 loaded 1 chars with 0 blanks and 1 valid
20.0539 	DEBUG 	Uploading Texture Font fontname to graphics card
20.0543 	DEBUG 	Upload of Texture Font fontname complete
20.0566 	EXP 	window1: Attempting to measure frame rate of screen (0) ...
20.0566 	EXP 	window1: recordFrameIntervals = False
20.3935 	EXP 	window1: recordFrameIntervals = True
20.9354 	DATA 	Mouse: Left button down, pos=(330,255)
20.9485 	DATA 	Mouse:  Left button up, pos=(330,255)
21.2318 	WARNING 	Couldn't measure a consistent frame rate!
  - Is your graphics card set to sync to vertical blank?
  - Are you running other processes on your computer?

21.2541 	DEBUG 	TextBox2 loaded 1 chars with 0 blanks and 1 valid
21.2670 	DEBUG 	TextBox2 loaded 1 chars with 0 blanks and 1 valid
21.2801 	DEBUG 	TextBox2 loaded 1 chars with 0 blanks and 1 valid
21.2924 	DEBUG 	TextBox2 loaded 1 chars with 0 blanks and 1 valid
21.3058 	DEBUG 	TextBox2 loaded 1 chars with 0 blanks and 1 valid
21.3175 	DEBUG 	TextBox2 loaded 1 chars with 0 blanks and 1 valid
21.3281 	DEBUG 	TextBox2 loaded 1 chars with 0 blanks and 1 valid
21.3400 	DEBUG 	TextBox2 loaded 1 chars with 0 blanks and 1 valid
21.3511 	DEBUG 	TextBox2 loaded 1 chars with 0 blanks and 1 valid
21.3619 	DEBUG 	TextBox2 loaded 1 chars with 0 blanks and 1 valid
21.3622 	DEBUG 	Uploading Texture Font fontname to graphics card
21.3628 	DEBUG 	Upload of Texture Font fontname complete
23.1601 	INFO 	keyboard.Keyboard is using ptb backend.
23.4880 	INFO 	keyboard.Keyboard is using ptb backend.
23.8090 	INFO 	keyboard.Keyboard is using ptb backend.
24.1317 	INFO 	keyboard.Keyboard is using ptb backend.
24.4544 	INFO 	keyboard.Keyboard is using ptb backend.
24.4544 	EXP 	1back_category: status = STARTED
24.4951 	EXP 	Created sessText = TextStim(__class__=<class 'psychopy.visual.text.TextStim'>, alignHoriz=method-wrapper(...), alignText='center', alignVert=method-wrapper(...), anchorHoriz='center', anchorVert='center', antialias=True, autoDraw=False, autoLog=True, bold=False, color=array([1., 1., 1.]), colorSpace='rgb', contrast=1.0, depth=0.0, draggable=False, flipHoriz=False, flipVert=False, font='Open Sans', fontFiles=[], height=np.float64(0.05), italic=False, languageStyle='LTR', name='sessText', opacity=1, ori=0.0, pos=array([0., 0.]), rgb=UNKNOWN, text='Press Enter to start', units='height', win=Window(...), wrapWidth=1)
24.4998 	EXP 	Created trialText = TextStim(__class__=<class 'psychopy.visual.text.TextStim'>, alignHoriz=method-wrapper(...), alignText='center', alignVert=method-wrapper(...), anchorHoriz='center', anchorVert='center', antialias=True, autoDraw=False, autoLog=True, bold=False, color=array([1., 1., 1.]), colorSpace='rgb', contrast=1.0, depth=0.0, draggable=False, flipHoriz=False, flipVert=False, font='Open Sans', fontFiles=[], height=np.float64(0.05), italic=False, languageStyle='LTR', name='trialText', opacity=1, ori=0.0, pos=array([0., 0.]), rgb=UNKNOWN, text='Press Enter to start the trial', units='height', win=Window(...), wrapWidth=1)
24.5143 	EXP 	Created img = ImageStim(__class__=<class 'psychopy.visual.image.ImageStim'>, anchor=('center', 'center'), autoLog=True, color=array([1., 1., 1.]), colorSpace='rgb', contrast=1.0, depth=0.0, draggable=False, flipHoriz=np.False_, flipVert=np.False_, image='default.png', interpolate=True, mask=None, maskParams=None, name='img', opacity=1, ori=0.0, pos=array([0., 0.]), size=array([0.5, 0.5]), texRes=128.0, units='height', win=Window(...))
24.5215 	EXP 	Created itiText = TextStim(__class__=<class 'psychopy.visual.text.TextStim'>, alignHoriz=method-wrapper(...), alignText='center', alignVert=method-wrapper(...), anchorHoriz='center', anchorVert='center', antialias=True, autoDraw=False, autoLog=True, bold=False, color=array([1., 1., 1.]), colorSpace='rgb', contrast=1.0, depth=0.0, draggable=False, flipHoriz=False, flipVert=False, font='Open Sans', fontFiles=[], height=np.float64(0.05), italic=False, languageStyle='LTR', name='itiText', opacity=1, ori=0.0, pos=array([0., 0.]), rgb=UNKNOWN, text='Next trial in 5s - press Enter to start now', units='height', win=Window(...), wrapWidth=1)
0.0221 	DEBUG 	Read csv file with pandas: 1back_category_trials.csv
0.0232 	DEBUG 	Clearing unnamed columns from 1back_category_trials.csv
0.0243 	EXP 	Imported 1back_category_trials.csv as conditions, 3 conditions, 12 params
0.0246 	EXP 	New trial (rep=0, index=0): <Trial 0 (0 in rep 0) data={'session': np.int64(1), 'stim1': 'images/157_Chairs.png', 'stim2': 'images/188_Chairs.png', 'stim3': 'images/306_Planes.png', 'stim4': 'images/352_Cars.png', 'stim5': 'images/386_Cars.png', 'stim6': 'images/402_Animals.png', 'act2': 'x', 'act3': 'b', 'act4': 'x', 'act5': 'b', 'act6': 'x', 'thisN': 0, 'thisTrialN': 0, 'thisRepN': 0}>
0.0353 	INFO 	Keyboard events cleared
0.0352 	WARNING 	t of last frame was 33.61ms (=1/29)
0.0352 	EXP 	sessText: height = np.float64(0.05)
0.0352 	EXP 	sessText: height = np.float64(0.05)
0.0352 	EXP 	sessText: height = np.float64(0.05)
0.0352 	EXP 	sessText: text = 'Session: 1\nPress Enter to start'
0.0352 	EXP 	sessText: autoDraw = True
0.7216 	EXP 	Device response: <KeyPress from None: t=0.553488879930228, value=return, duration=None>
0.7218 	EXP 	Device response: <KeyPress from None: t=0.553488879930228, value=return, duration=0.05096980498638004>
0.7279 	DATA 	Keypress: return
0.7309 	INFO 	Keyboard events cleared
0.7309 	WARNING 	t of last frame was 175.29ms (=1/5)
0.7309 	EXP 	sessText: autoDraw = False
0.7309 	EXP 	trialText: autoDraw = True
1.1088 	EXP 	Device response: <KeyPress from None: t=1.1006006660172716, value=return, duration=None>
1.1091 	EXP 	New trial (rep=0, index=0): <Trial 0 (0 in rep 0) data={'thisN': 0, 'thisTrialN': 0, 'thisRepN': 0}>
1.1211 	DEBUG 	Saving data for 1back_category ExperimentHandler
1.1219 	INFO 	saved data to /Users/xiaoxuan/Desktop/202510_proj_nat_abs_pyschopy/1back_category/data/pilot_1back_category_2025-10-12_13h36.35.487.psydat
1.1225 	INFO 	saved data to '/Users/xiaoxuan/Desktop/202510_proj_nat_abs_pyschopy/1back_category/data/pilot_1back_category_2025-10-12_13h36.35.487.csv'
1.1233 	WARNING 	Stopping key buffers but this could be dangerous ifother keyboards rely on the same.
1.1234 	WARNING 	Stopping key buffers but this could be dangerous ifother keyboards rely on the same.
1.1235 	WARNING 	Stopping key buffers but this could be dangerous ifother keyboards rely on the same.
1.1235 	WARNING 	Stopping key buffers but this could be dangerous ifother keyboards rely on the same.
1.1235 	WARNING 	Stopping key buffers but this could be dangerous ifother keyboards rely on the same.
