21.7110 	EXP 	Created window1 = Window(allowGUI=True, allowStencil=False, autoLog=True, backendConf=UNKNOWN, backgroundFit=<method-wrapper '__getattribute__' of attributeSetter object at 0x13e50c400>, backgroundImage=<method-wrapper '__getattribute__' of attributeSetter object at 0x13e50c3a0>, bitsMode=UNKNOWN, blendMode='avg', bpc=(8, 8, 8), color=array([0, 0, 0]), colorSpace='rgb', depthBits=8, fullscr=False, gamma=None, gammaErrorPolicy='raise', infoMsg=UNKNOWN, lms=UNKNOWN, monitor=<psychopy.monitors.calibTools.Monitor object at 0x13e5a2890>, multiSample=False, name='window1', numSamples=2, pos=[np.float64(216.0), np.float64(0.0)], screen=0, size=array([1440, 1440]), stencilBits=0, stereo=False, title='PsychoPy', units='height', useFBO=True, useRetina=True, viewOri=0.0, viewPos=None, viewScale=None, waitBlanking=True, winType='pyglet')
21.7111 	EXP 	window1: backgroundImage = ''
21.7111 	EXP 	window1: backgroundFit = 'none'
22.0598 	EXP 	window1: Attempting to measure frame rate of screen (0) ...
22.0598 	EXP 	window1: recordFrameIntervals = False
22.4205 	EXP 	window1: recordFrameIntervals = True
23.2413 	DATA 	Mouse: Left button down, pos=(344,395)
23.2447 	DATA 	Mouse:  Left button up, pos=(344,395)
23.2541 	WARNING 	Couldn't measure a consistent frame rate!
  - Is your graphics card set to sync to vertical blank?
  - Are you running other processes on your computer?

26.7321 	EXP 	1back_category: status = STARTED
26.7694 	EXP 	Created sessText = TextStim(__class__=<class 'psychopy.visual.text.TextStim'>, alignHoriz=method-wrapper(...), alignText='center', alignVert=method-wrapper(...), anchorHoriz='center', anchorVert='center', antialias=True, autoDraw=False, autoLog=True, bold=False, color=array([1., 1., 1.]), colorSpace='rgb', contrast=1.0, depth=0.0, draggable=False, flipHoriz=False, flipVert=False, font='Open Sans', fontFiles=[], height=np.float64(0.05), italic=False, languageStyle='LTR', name='sessText', opacity=1, ori=0.0, pos=array([0., 0.]), rgb=UNKNOWN, text='Press Enter to start', units='height', win=Window(...), wrapWidth=1)
26.7739 	EXP 	Created trialText = TextStim(__class__=<class 'psychopy.visual.text.TextStim'>, alignHoriz=method-wrapper(...), alignText='center', alignVert=method-wrapper(...), anchorHoriz='center', anchorVert='center', antialias=True, autoDraw=False, autoLog=True, bold=False, color=array([1., 1., 1.]), colorSpace='rgb', contrast=1.0, depth=0.0, draggable=False, flipHoriz=False, flipVert=False, font='Open Sans', fontFiles=[], height=np.float64(0.05), italic=False, languageStyle='LTR', name='trialText', opacity=1, ori=0.0, pos=array([0., 0.]), rgb=UNKNOWN, text='Press Enter to start the trial', units='height', win=Window(...), wrapWidth=1)
26.7891 	EXP 	Created img = ImageStim(__class__=<class 'psychopy.visual.image.ImageStim'>, anchor=('center', 'center'), autoLog=True, color=array([1., 1., 1.]), colorSpace='rgb', contrast=1.0, depth=0.0, draggable=False, flipHoriz=np.False_, flipVert=np.False_, image='default.png', interpolate=True, mask=None, maskParams=None, name='img', opacity=1, ori=0.0, pos=array([0., 0.]), size=array([0.5, 0.5]), texRes=128.0, units='height', win=Window(...))
26.7962 	EXP 	Created itiText = TextStim(__class__=<class 'psychopy.visual.text.TextStim'>, alignHoriz=method-wrapper(...), alignText='center', alignVert=method-wrapper(...), anchorHoriz='center', anchorVert='center', antialias=True, autoDraw=False, autoLog=True, bold=False, color=array([1., 1., 1.]), colorSpace='rgb', contrast=1.0, depth=0.0, draggable=False, flipHoriz=False, flipVert=False, font='Open Sans', fontFiles=[], height=np.float64(0.05), italic=False, languageStyle='LTR', name='itiText', opacity=1, ori=0.0, pos=array([0., 0.]), rgb=UNKNOWN, text='Next trial in 5s - press Enter to start now', units='height', win=Window(...), wrapWidth=1)
0.0082 	EXP 	Imported 1back_category_trials.csv as conditions, 3 conditions, 12 params
0.0085 	EXP 	New trial (rep=0, index=0): <Trial 0 (0 in rep 0) data={'session': np.int64(1), 'stim1': 'images/157_Chairs.png', 'stim2': 'images/188_Chairs.png', 'stim3': 'images/306_Planes.png', 'stim4': 'images/352_Cars.png', 'stim5': 'images/386_Cars.png', 'stim6': 'images/402_Animals.png', 'act2': 'x', 'act3': 'b', 'act4': 'x', 'act5': 'b', 'act6': 'x', 'thisN': 0, 'thisTrialN': 0, 'thisRepN': 0}>
0.0198 	EXP 	sessText: height = np.float64(0.05)
0.0198 	EXP 	sessText: height = np.float64(0.05)
0.0198 	EXP 	sessText: height = np.float64(0.05)
0.0198 	EXP 	sessText: text = 'Session: 1\nPress Enter to start'
0.0198 	EXP 	sessText: autoDraw = True
0.8258 	EXP 	Device response: <KeyPress from None: t=0.6526991550344974, value=return, duration=None>
0.8260 	EXP 	Device response: <KeyPress from None: t=0.6526991550344974, value=return, duration=0.048109789029695094>
0.8299 	DATA 	Keypress: return
0.8329 	WARNING 	t of last frame was 173.70ms (=1/5)
0.8329 	EXP 	sessText: autoDraw = False
0.8329 	EXP 	trialText: autoDraw = True
1.1433 	EXP 	Device response: <KeyPress from None: t=1.128578423988074, value=return, duration=None>
1.1436 	EXP 	New trial (rep=0, index=0): <Trial 0 (0 in rep 0) data={'thisN': 0, 'thisTrialN': 0, 'thisRepN': 0}>
1.1569 	WARNING 	Stopping key buffers but this could be dangerous ifother keyboards rely on the same.
1.1570 	WARNING 	Stopping key buffers but this could be dangerous ifother keyboards rely on the same.
1.1571 	WARNING 	Stopping key buffers but this could be dangerous ifother keyboards rely on the same.
1.1571 	WARNING 	Stopping key buffers but this could be dangerous ifother keyboards rely on the same.
1.1571 	WARNING 	Stopping key buffers but this could be dangerous ifother keyboards rely on the same.
