19.6311 	INFO 	Loaded monitor calibration from ['2022_04_13 13:32']
19.7911 	INFO 	Using renderer 'AMD Radeon Pro 5500M OpenGL Engine' for graphics
19.7912 	INFO 	OpenGL version supported by driver is 2..
19.8053 	EXP 	Created window1 = Window(allowGUI=True, allowStencil=False, autoLog=True, backendConf=UNKNOWN, backgroundFit=<method-wrapper '__getattribute__' of attributeSetter object at 0x132019690>, backgroundImage=<method-wrapper '__getattribute__' of attributeSetter object at 0x132019630>, bitsMode=UNKNOWN, blendMode='avg', bpc=(8, 8, 8), color=array([0, 0, 0]), colorSpace='rgb', depthBits=8, fullscr=False, gamma=None, gammaErrorPolicy='raise', infoMsg=UNKNOWN, lms=UNKNOWN, monitor=<psychopy.monitors.calibTools.Monitor object at 0x131e67070>, multiSample=False, name='window1', numSamples=2, pos=[np.float64(176.0), np.float64(60.0)], screen=0, size=array([1600, 1200]), stencilBits=0, stereo=False, title='PsychoPy', units='height', useFBO=True, useRetina=True, viewOri=0.0, viewPos=None, viewScale=None, waitBlanking=True, winType='pyglet')
19.8054 	EXP 	window1: backgroundImage = ''
19.8054 	EXP 	window1: backgroundFit = 'none'
19.8268 	DEBUG 	TextBox2 loaded 1 chars with 0 blanks and 1 valid
19.8402 	DEBUG 	TextBox2 loaded 1 chars with 0 blanks and 1 valid
19.8539 	DEBUG 	TextBox2 loaded 1 chars with 0 blanks and 1 valid
19.8682 	DEBUG 	TextBox2 loaded 1 chars with 0 blanks and 1 valid
19.8822 	DEBUG 	TextBox2 loaded 1 chars with 0 blanks and 1 valid
19.8955 	DEBUG 	TextBox2 loaded 1 chars with 0 blanks and 1 valid
19.9087 	DEBUG 	TextBox2 loaded 1 chars with 0 blanks and 1 valid
19.9223 	DEBUG 	TextBox2 loaded 1 chars with 0 blanks and 1 valid
19.9353 	DEBUG 	TextBox2 loaded 1 chars with 0 blanks and 1 valid
19.9485 	DEBUG 	TextBox2 loaded 1 chars with 0 blanks and 1 valid
19.9623 	DEBUG 	TextBox2 loaded 1 chars with 0 blanks and 1 valid
19.9777 	DEBUG 	TextBox2 loaded 1 chars with 0 blanks and 1 valid
19.9909 	DEBUG 	TextBox2 loaded 1 chars with 0 blanks and 1 valid
20.0040 	DEBUG 	TextBox2 loaded 1 chars with 0 blanks and 1 valid
20.0170 	DEBUG 	TextBox2 loaded 1 chars with 0 blanks and 1 valid
20.0304 	DEBUG 	TextBox2 loaded 1 chars with 0 blanks and 1 valid
20.0439 	DEBUG 	TextBox2 loaded 1 chars with 0 blanks and 1 valid
20.0573 	DEBUG 	TextBox2 loaded 1 chars with 0 blanks and 1 valid
20.0705 	DEBUG 	TextBox2 loaded 1 chars with 0 blanks and 1 valid
20.0845 	DEBUG 	TextBox2 loaded 1 chars with 0 blanks and 1 valid
20.0974 	DEBUG 	TextBox2 loaded 1 chars with 0 blanks and 1 valid
20.0978 	DEBUG 	Uploading Texture Font fontname to graphics card
20.1001 	DEBUG 	Upload of Texture Font fontname complete
20.1207 	DEBUG 	TextBox2 loaded 1 chars with 0 blanks and 1 valid
20.1348 	DEBUG 	TextBox2 loaded 1 chars with 0 blanks and 1 valid
20.1484 	DEBUG 	TextBox2 loaded 1 chars with 0 blanks and 1 valid
20.1489 	DEBUG 	Uploading Texture Font fontname to graphics card
20.1496 	DEBUG 	Upload of Texture Font fontname complete
20.1519 	EXP 	window1: Attempting to measure frame rate of screen (0) ...
20.1519 	EXP 	window1: recordFrameIntervals = False
20.5039 	EXP 	window1: recordFrameIntervals = True
21.3398 	WARNING 	Couldn't measure a consistent frame rate!
  - Is your graphics card set to sync to vertical blank?
  - Are you running other processes on your computer?

21.3595 	DEBUG 	TextBox2 loaded 1 chars with 0 blanks and 1 valid
21.3729 	DEBUG 	TextBox2 loaded 1 chars with 0 blanks and 1 valid
21.3869 	DEBUG 	TextBox2 loaded 1 chars with 0 blanks and 1 valid
21.4009 	DEBUG 	TextBox2 loaded 1 chars with 0 blanks and 1 valid
21.4148 	DEBUG 	TextBox2 loaded 1 chars with 0 blanks and 1 valid
21.4290 	DEBUG 	TextBox2 loaded 1 chars with 0 blanks and 1 valid
21.4421 	DEBUG 	TextBox2 loaded 1 chars with 0 blanks and 1 valid
21.4551 	DEBUG 	TextBox2 loaded 1 chars with 0 blanks and 1 valid
21.4687 	DEBUG 	TextBox2 loaded 1 chars with 0 blanks and 1 valid
21.4826 	DEBUG 	TextBox2 loaded 1 chars with 0 blanks and 1 valid
21.4830 	DEBUG 	Uploading Texture Font fontname to graphics card
21.4835 	DEBUG 	Upload of Texture Font fontname complete
23.5111 	INFO 	keyboard.Keyboard is using ptb backend.
23.8836 	INFO 	keyboard.Keyboard is using ptb backend.
24.2751 	INFO 	keyboard.Keyboard is using ptb backend.
24.6434 	INFO 	keyboard.Keyboard is using ptb backend.
25.0343 	INFO 	keyboard.Keyboard is using ptb backend.
25.0343 	EXP 	1back_category: status = STARTED
25.0712 	EXP 	Created sessText = TextStim(__class__=<class 'psychopy.visual.text.TextStim'>, alignHoriz=method-wrapper(...), alignText='center', alignVert=method-wrapper(...), anchorHoriz='center', anchorVert='center', antialias=True, autoDraw=False, autoLog=True, bold=False, color=array([1., 1., 1.]), colorSpace='rgb', contrast=1.0, depth=0.0, draggable=False, flipHoriz=False, flipVert=False, font='Open Sans', fontFiles=[], height=np.float64(0.05), italic=False, languageStyle='LTR', name='sessText', opacity=1, ori=0.0, pos=array([0., 0.]), rgb=UNKNOWN, text='Press Enter to start', units='height', win=Window(...), wrapWidth=1)
25.0757 	EXP 	Created trialText = TextStim(__class__=<class 'psychopy.visual.text.TextStim'>, alignHoriz=method-wrapper(...), alignText='center', alignVert=method-wrapper(...), anchorHoriz='center', anchorVert='center', antialias=True, autoDraw=False, autoLog=True, bold=False, color=array([1., 1., 1.]), colorSpace='rgb', contrast=1.0, depth=0.0, draggable=False, flipHoriz=False, flipVert=False, font='Open Sans', fontFiles=[], height=np.float64(0.05), italic=False, languageStyle='LTR', name='trialText', opacity=1, ori=0.0, pos=array([0., 0.]), rgb=UNKNOWN, text='Press Enter to start the trial', units='height', win=Window(...), wrapWidth=1)
25.0905 	EXP 	Created img = ImageStim(__class__=<class 'psychopy.visual.image.ImageStim'>, anchor=('center', 'center'), autoLog=True, color=array([1., 1., 1.]), colorSpace='rgb', contrast=1.0, depth=0.0, draggable=False, flipHoriz=np.False_, flipVert=np.False_, image='default.png', interpolate=True, mask=None, maskParams=None, name='img', opacity=1, ori=0.0, pos=array([0., 0.]), size=array([0.5, 0.5]), texRes=128.0, units='height', win=Window(...))
25.0971 	EXP 	Created itiText = TextStim(__class__=<class 'psychopy.visual.text.TextStim'>, alignHoriz=method-wrapper(...), alignText='center', alignVert=method-wrapper(...), anchorHoriz='center', anchorVert='center', antialias=True, autoDraw=False, autoLog=True, bold=False, color=array([1., 1., 1.]), colorSpace='rgb', contrast=1.0, depth=0.0, draggable=False, flipHoriz=False, flipVert=False, font='Open Sans', fontFiles=[], height=np.float64(0.05), italic=False, languageStyle='LTR', name='itiText', opacity=1, ori=0.0, pos=array([0., 0.]), rgb=UNKNOWN, text='Next trial in 5s - press Enter to start now', units='height', win=Window(...), wrapWidth=1)
0.0036 	DATA 	Mouse: Left button down, pos=(236,218)
0.0041 	DATA 	Mouse:  Left button up, pos=(236,218)
0.0274 	DEBUG 	Read csv file with pandas: 1back_category_trials.csv
0.0283 	DEBUG 	Clearing unnamed columns from 1back_category_trials.csv
0.0293 	EXP 	Imported 1back_category_trials.csv as conditions, 3 conditions, 12 params
0.0295 	EXP 	New trial (rep=0, index=0): <Trial 0 (0 in rep 0) data={'session': np.int64(1), 'stim1': 'images/157_Chairs.png', 'stim2': 'images/188_Chairs.png', 'stim3': 'images/306_Planes.png', 'stim4': 'images/352_Cars.png', 'stim5': 'images/386_Cars.png', 'stim6': 'images/402_Animals.png', 'act2': 'x', 'act3': 'b', 'act4': 'x', 'act5': 'b', 'act6': 'x', 'thisN': 0, 'thisTrialN': 0, 'thisRepN': 0}>
0.0393 	INFO 	Keyboard events cleared
0.0392 	WARNING 	t of last frame was 32.67ms (=1/30)
0.0392 	EXP 	sessText: height = np.float64(0.05)
0.0392 	EXP 	sessText: height = np.float64(0.05)
0.0392 	EXP 	sessText: height = np.float64(0.05)
0.0392 	EXP 	sessText: text = 'Session: 1\nPress Enter to start'
0.0392 	EXP 	sessText: autoDraw = True
1.6789 	EXP 	Device response: <KeyPress from None: t=1.4996234819991514, value=return, duration=None>
1.6791 	EXP 	Device response: <KeyPress from None: t=1.4996234819991514, value=return, duration=0.10791542392689735>
1.6828 	DATA 	Keypress: return
1.6859 	INFO 	Keyboard events cleared
1.6858 	WARNING 	t of last frame was 178.96ms (=1/5)
1.6858 	EXP 	sessText: autoDraw = False
1.6858 	EXP 	trialText: autoDraw = True
1.9102 	EXP 	Device response: <KeyPress from None: t=1.9067576009547338, value=return, duration=None>
1.9107 	EXP 	New trial (rep=0, index=0): <Trial 0 (0 in rep 0) data={'thisN': 0, 'thisTrialN': 0, 'thisRepN': 0}>
1.9218 	DEBUG 	Saving data for 1back_category ExperimentHandler
1.9232 	INFO 	saved data to /Users/xiaoxuan/Desktop/202510_proj_nat_abs_pyschopy/1back_category/data/pilot_1back_category_2025-10-12_15h25.45.661.psydat
1.9239 	INFO 	saved data to '/Users/xiaoxuan/Desktop/202510_proj_nat_abs_pyschopy/1back_category/data/pilot_1back_category_2025-10-12_15h25.45.661.csv'
1.9251 	WARNING 	Stopping key buffers but this could be dangerous ifother keyboards rely on the same.
1.9252 	WARNING 	Stopping key buffers but this could be dangerous ifother keyboards rely on the same.
1.9253 	WARNING 	Stopping key buffers but this could be dangerous ifother keyboards rely on the same.
1.9253 	WARNING 	Stopping key buffers but this could be dangerous ifother keyboards rely on the same.
1.9253 	WARNING 	Stopping key buffers but this could be dangerous ifother keyboards rely on the same.
