18.8523 	INFO 	Loaded monitor calibration from ['2022_04_13 13:32']
19.0152 	INFO 	Using renderer 'AMD Radeon Pro 5500M OpenGL Engine' for graphics
19.0152 	INFO 	OpenGL version supported by driver is 2..
19.0302 	EXP 	Created window1 = Window(allowGUI=True, allowStencil=False, autoLog=True, backendConf=UNKNOWN, backgroundFit=<method-wrapper '__getattribute__' of attributeSetter object at 0x135d14b50>, backgroundImage=<method-wrapper '__getattribute__' of attributeSetter object at 0x135d14bb0>, bitsMode=UNKNOWN, blendMode='avg', bpc=(8, 8, 8), color=array([0, 0, 0]), colorSpace='rgb', depthBits=8, fullscr=False, gamma=None, gammaErrorPolicy='raise', infoMsg=UNKNOWN, lms=UNKNOWN, monitor=<psychopy.monitors.calibTools.Monitor object at 0x135ea5000>, multiSample=False, name='window1', numSamples=2, pos=[np.float64(176.0), np.float64(60.0)], screen=0, size=array([1600, 1200]), stencilBits=0, stereo=False, title='PsychoPy', units='height', useFBO=True, useRetina=True, viewOri=0.0, viewPos=None, viewScale=None, waitBlanking=True, winType='pyglet')
19.0303 	EXP 	window1: backgroundImage = ''
19.0303 	EXP 	window1: backgroundFit = 'none'
19.0535 	DEBUG 	TextBox2 loaded 1 chars with 0 blanks and 1 valid
19.0654 	DEBUG 	TextBox2 loaded 1 chars with 0 blanks and 1 valid
19.0773 	DEBUG 	TextBox2 loaded 1 chars with 0 blanks and 1 valid
19.0899 	DEBUG 	TextBox2 loaded 1 chars with 0 blanks and 1 valid
19.1046 	DEBUG 	TextBox2 loaded 1 chars with 0 blanks and 1 valid
19.1162 	DEBUG 	TextBox2 loaded 1 chars with 0 blanks and 1 valid
19.1274 	DEBUG 	TextBox2 loaded 1 chars with 0 blanks and 1 valid
19.1400 	DEBUG 	TextBox2 loaded 1 chars with 0 blanks and 1 valid
19.1515 	DEBUG 	TextBox2 loaded 1 chars with 0 blanks and 1 valid
19.1643 	DEBUG 	TextBox2 loaded 1 chars with 0 blanks and 1 valid
19.1762 	DEBUG 	TextBox2 loaded 1 chars with 0 blanks and 1 valid
19.1880 	DEBUG 	TextBox2 loaded 1 chars with 0 blanks and 1 valid
19.2013 	DEBUG 	TextBox2 loaded 1 chars with 0 blanks and 1 valid
19.2147 	DEBUG 	TextBox2 loaded 1 chars with 0 blanks and 1 valid
19.2267 	DEBUG 	TextBox2 loaded 1 chars with 0 blanks and 1 valid
19.2401 	DEBUG 	TextBox2 loaded 1 chars with 0 blanks and 1 valid
19.2541 	DEBUG 	TextBox2 loaded 1 chars with 0 blanks and 1 valid
19.2673 	DEBUG 	TextBox2 loaded 1 chars with 0 blanks and 1 valid
19.2799 	DEBUG 	TextBox2 loaded 1 chars with 0 blanks and 1 valid
19.2933 	DEBUG 	TextBox2 loaded 1 chars with 0 blanks and 1 valid
19.3058 	DEBUG 	TextBox2 loaded 1 chars with 0 blanks and 1 valid
19.3063 	DEBUG 	Uploading Texture Font fontname to graphics card
19.3101 	DEBUG 	Upload of Texture Font fontname complete
19.3310 	DEBUG 	TextBox2 loaded 1 chars with 0 blanks and 1 valid
19.3476 	DEBUG 	TextBox2 loaded 1 chars with 0 blanks and 1 valid
19.3623 	DEBUG 	TextBox2 loaded 1 chars with 0 blanks and 1 valid
19.3626 	DEBUG 	Uploading Texture Font fontname to graphics card
19.3633 	DEBUG 	Upload of Texture Font fontname complete
19.3654 	EXP 	window1: Attempting to measure frame rate of screen (0) ...
19.3654 	EXP 	window1: recordFrameIntervals = False
19.7022 	EXP 	window1: recordFrameIntervals = True
20.5496 	WARNING 	Couldn't measure a consistent frame rate!
  - Is your graphics card set to sync to vertical blank?
  - Are you running other processes on your computer?

20.5688 	DEBUG 	TextBox2 loaded 1 chars with 0 blanks and 1 valid
20.5814 	DEBUG 	TextBox2 loaded 1 chars with 0 blanks and 1 valid
20.5963 	DEBUG 	TextBox2 loaded 1 chars with 0 blanks and 1 valid
20.6114 	DEBUG 	TextBox2 loaded 1 chars with 0 blanks and 1 valid
20.6230 	DEBUG 	TextBox2 loaded 1 chars with 0 blanks and 1 valid
20.6346 	DEBUG 	TextBox2 loaded 1 chars with 0 blanks and 1 valid
20.6459 	DEBUG 	TextBox2 loaded 1 chars with 0 blanks and 1 valid
20.6593 	DEBUG 	TextBox2 loaded 1 chars with 0 blanks and 1 valid
20.6720 	DEBUG 	TextBox2 loaded 1 chars with 0 blanks and 1 valid
20.6864 	DEBUG 	TextBox2 loaded 1 chars with 0 blanks and 1 valid
20.6867 	DEBUG 	Uploading Texture Font fontname to graphics card
20.6871 	DEBUG 	Upload of Texture Font fontname complete
22.6999 	INFO 	keyboard.Keyboard is using ptb backend.
23.0816 	INFO 	keyboard.Keyboard is using ptb backend.
23.4616 	INFO 	keyboard.Keyboard is using ptb backend.
23.8538 	INFO 	keyboard.Keyboard is using ptb backend.
24.2333 	INFO 	keyboard.Keyboard is using ptb backend.
24.2333 	EXP 	1back_category: status = STARTED
24.2691 	EXP 	Created sessText = TextStim(__class__=<class 'psychopy.visual.text.TextStim'>, alignHoriz=method-wrapper(...), alignText='center', alignVert=method-wrapper(...), anchorHoriz='center', anchorVert='center', antialias=True, autoDraw=False, autoLog=True, bold=False, color=array([1., 1., 1.]), colorSpace='rgb', contrast=1.0, depth=0.0, draggable=False, flipHoriz=False, flipVert=False, font='Open Sans', fontFiles=[], height=np.float64(0.05), italic=False, languageStyle='LTR', name='sessText', opacity=1, ori=0.0, pos=array([0., 0.]), rgb=UNKNOWN, text='Press Enter to start', units='height', win=Window(...), wrapWidth=1)
24.2736 	EXP 	Created trialText = TextStim(__class__=<class 'psychopy.visual.text.TextStim'>, alignHoriz=method-wrapper(...), alignText='center', alignVert=method-wrapper(...), anchorHoriz='center', anchorVert='center', antialias=True, autoDraw=False, autoLog=True, bold=False, color=array([1., 1., 1.]), colorSpace='rgb', contrast=1.0, depth=0.0, draggable=False, flipHoriz=False, flipVert=False, font='Open Sans', fontFiles=[], height=np.float64(0.05), italic=False, languageStyle='LTR', name='trialText', opacity=1, ori=0.0, pos=array([0., 0.]), rgb=UNKNOWN, text='Press Enter to start the trial', units='height', win=Window(...), wrapWidth=1)
24.2881 	EXP 	Created img = ImageStim(__class__=<class 'psychopy.visual.image.ImageStim'>, anchor=('center', 'center'), autoLog=True, color=array([1., 1., 1.]), colorSpace='rgb', contrast=1.0, depth=0.0, draggable=False, flipHoriz=np.False_, flipVert=np.False_, image='default.png', interpolate=True, mask=None, maskParams=None, name='img', opacity=1, ori=0.0, pos=array([0., 0.]), size=array([0.5, 0.5]), texRes=128.0, units='height', win=Window(...))
24.2953 	EXP 	Created itiText = TextStim(__class__=<class 'psychopy.visual.text.TextStim'>, alignHoriz=method-wrapper(...), alignText='center', alignVert=method-wrapper(...), anchorHoriz='center', anchorVert='center', antialias=True, autoDraw=False, autoLog=True, bold=False, color=array([1., 1., 1.]), colorSpace='rgb', contrast=1.0, depth=0.0, draggable=False, flipHoriz=False, flipVert=False, font='Open Sans', fontFiles=[], height=np.float64(0.05), italic=False, languageStyle='LTR', name='itiText', opacity=1, ori=0.0, pos=array([0., 0.]), rgb=UNKNOWN, text='Next trial in 5s - press Enter to start now', units='height', win=Window(...), wrapWidth=1)
0.0012 	DATA 	Mouse: Left button down, pos=(348,264)
0.0018 	DATA 	Mouse:  Left button up, pos=(348,264)
0.0259 	DEBUG 	Read csv file with pandas: 1back_category_trials.csv
0.0269 	DEBUG 	Clearing unnamed columns from 1back_category_trials.csv
0.0281 	EXP 	Imported 1back_category_trials.csv as conditions, 3 conditions, 12 params
0.0284 	EXP 	New trial (rep=0, index=0): <Trial 0 (0 in rep 0) data={'session': np.int64(1), 'stim1': 'images/157_Chairs.png', 'stim2': 'images/188_Chairs.png', 'stim3': 'images/306_Planes.png', 'stim4': 'images/352_Cars.png', 'stim5': 'images/386_Cars.png', 'stim6': 'images/402_Animals.png', 'act2': 'x', 'act3': 'b', 'act4': 'x', 'act5': 'b', 'act6': 'x', 'thisN': 0, 'thisTrialN': 0, 'thisRepN': 0}>
0.0399 	INFO 	Keyboard events cleared
0.0398 	WARNING 	t of last frame was 35.71ms (=1/28)
0.0398 	EXP 	sessText: height = np.float64(0.05)
0.0398 	EXP 	sessText: height = np.float64(0.05)
0.0398 	EXP 	sessText: height = np.float64(0.05)
0.0398 	EXP 	sessText: text = 'Session: 1\nPress Enter to start'
0.0398 	EXP 	sessText: autoDraw = True
0.9722 	EXP 	Device response: <KeyPress from None: t=0.7972923379857093, value=return, duration=None>
0.9724 	EXP 	Device response: <KeyPress from None: t=0.7972923379857093, value=return, duration=0.12384069093968719>
0.9763 	DATA 	Keypress: return
0.9795 	INFO 	Keyboard events cleared
0.9794 	WARNING 	t of last frame was 174.98ms (=1/5)
0.9794 	EXP 	sessText: autoDraw = False
0.9794 	EXP 	trialText: autoDraw = True
1.2902 	EXP 	Device response: <KeyPress from None: t=1.2866206099279225, value=return, duration=None>
1.2905 	EXP 	New trial (rep=0, index=0): <Trial 0 (0 in rep 0) data={'thisN': 0, 'thisTrialN': 0, 'thisRepN': 0}>
1.3010 	DEBUG 	Saving data for 1back_category ExperimentHandler
1.3025 	INFO 	saved data to /Users/xiaoxuan/Desktop/202510_proj_nat_abs_pyschopy/1back_category/data/pilot_1back_category_2025-10-12_13h43.23.887.psydat
1.3031 	INFO 	saved data to '/Users/xiaoxuan/Desktop/202510_proj_nat_abs_pyschopy/1back_category/data/pilot_1back_category_2025-10-12_13h43.23.887.csv'
1.3047 	WARNING 	Stopping key buffers but this could be dangerous ifother keyboards rely on the same.
1.3048 	WARNING 	Stopping key buffers but this could be dangerous ifother keyboards rely on the same.
1.3048 	WARNING 	Stopping key buffers but this could be dangerous ifother keyboards rely on the same.
1.3048 	WARNING 	Stopping key buffers but this could be dangerous ifother keyboards rely on the same.
1.3048 	WARNING 	Stopping key buffers but this could be dangerous ifother keyboards rely on the same.
