18.3741 	INFO 	Loaded monitor calibration from ['2022_04_13 13:32']
18.5299 	INFO 	Using renderer 'AMD Radeon Pro 5500M OpenGL Engine' for graphics
18.5299 	INFO 	OpenGL version supported by driver is 2..
18.5435 	EXP 	Created window1 = Window(allowGUI=True, allowStencil=False, autoLog=True, backendConf=UNKNOWN, backgroundFit=<method-wrapper '__getattribute__' of attributeSetter object at 0x13eb1d690>, backgroundImage=<method-wrapper '__getattribute__' of attributeSetter object at 0x13eb1d630>, bitsMode=UNKNOWN, blendMode='avg', bpc=(8, 8, 8), color=array([0, 0, 0]), colorSpace='rgb', depthBits=8, fullscr=False, gamma=None, gammaErrorPolicy='raise', infoMsg=UNKNOWN, lms=UNKNOWN, monitor=<psychopy.monitors.calibTools.Monitor object at 0x13eaeae90>, multiSample=False, name='window1', numSamples=2, pos=[np.float64(176.0), np.float64(60.0)], screen=0, size=array([1600, 1200]), stencilBits=0, stereo=False, title='PsychoPy', units='height', useFBO=True, useRetina=True, viewOri=0.0, viewPos=None, viewScale=None, waitBlanking=True, winType='pyglet')
18.5435 	EXP 	window1: backgroundImage = ''
18.5435 	EXP 	window1: backgroundFit = 'none'
18.5689 	DEBUG 	TextBox2 loaded 1 chars with 0 blanks and 1 valid
18.5817 	DEBUG 	TextBox2 loaded 1 chars with 0 blanks and 1 valid
18.5934 	DEBUG 	TextBox2 loaded 1 chars with 0 blanks and 1 valid
18.6087 	DEBUG 	TextBox2 loaded 1 chars with 0 blanks and 1 valid
18.6210 	DEBUG 	TextBox2 loaded 1 chars with 0 blanks and 1 valid
18.6325 	DEBUG 	TextBox2 loaded 1 chars with 0 blanks and 1 valid
18.6446 	DEBUG 	TextBox2 loaded 1 chars with 0 blanks and 1 valid
18.6593 	DEBUG 	TextBox2 loaded 1 chars with 0 blanks and 1 valid
18.6707 	DEBUG 	TextBox2 loaded 1 chars with 0 blanks and 1 valid
18.6825 	DEBUG 	TextBox2 loaded 1 chars with 0 blanks and 1 valid
18.6970 	DEBUG 	TextBox2 loaded 1 chars with 0 blanks and 1 valid
18.7124 	DEBUG 	TextBox2 loaded 1 chars with 0 blanks and 1 valid
18.7253 	DEBUG 	TextBox2 loaded 1 chars with 0 blanks and 1 valid
18.7381 	DEBUG 	TextBox2 loaded 1 chars with 0 blanks and 1 valid
18.7518 	DEBUG 	TextBox2 loaded 1 chars with 0 blanks and 1 valid
18.7663 	DEBUG 	TextBox2 loaded 1 chars with 0 blanks and 1 valid
18.7777 	DEBUG 	TextBox2 loaded 1 chars with 0 blanks and 1 valid
18.7886 	DEBUG 	TextBox2 loaded 1 chars with 0 blanks and 1 valid
18.8003 	DEBUG 	TextBox2 loaded 1 chars with 0 blanks and 1 valid
18.8140 	DEBUG 	TextBox2 loaded 1 chars with 0 blanks and 1 valid
18.8251 	DEBUG 	TextBox2 loaded 1 chars with 0 blanks and 1 valid
18.8254 	DEBUG 	Uploading Texture Font fontname to graphics card
18.8277 	DEBUG 	Upload of Texture Font fontname complete
18.8465 	DEBUG 	TextBox2 loaded 1 chars with 0 blanks and 1 valid
18.8631 	DEBUG 	TextBox2 loaded 1 chars with 0 blanks and 1 valid
18.8748 	DEBUG 	TextBox2 loaded 1 chars with 0 blanks and 1 valid
18.8751 	DEBUG 	Uploading Texture Font fontname to graphics card
18.8755 	DEBUG 	Upload of Texture Font fontname complete
18.8772 	EXP 	window1: Attempting to measure frame rate of screen (0) ...
18.8772 	EXP 	window1: recordFrameIntervals = False
19.2127 	EXP 	window1: recordFrameIntervals = True
20.0604 	WARNING 	Couldn't measure a consistent frame rate!
  - Is your graphics card set to sync to vertical blank?
  - Are you running other processes on your computer?

20.0777 	DEBUG 	TextBox2 loaded 1 chars with 0 blanks and 1 valid
20.0898 	DEBUG 	TextBox2 loaded 1 chars with 0 blanks and 1 valid
20.1064 	DEBUG 	TextBox2 loaded 1 chars with 0 blanks and 1 valid
20.1207 	DEBUG 	TextBox2 loaded 1 chars with 0 blanks and 1 valid
20.1327 	DEBUG 	TextBox2 loaded 1 chars with 0 blanks and 1 valid
20.1455 	DEBUG 	TextBox2 loaded 1 chars with 0 blanks and 1 valid
20.1625 	DEBUG 	TextBox2 loaded 1 chars with 0 blanks and 1 valid
20.1741 	DEBUG 	TextBox2 loaded 1 chars with 0 blanks and 1 valid
20.1866 	DEBUG 	TextBox2 loaded 1 chars with 0 blanks and 1 valid
20.2002 	DEBUG 	TextBox2 loaded 1 chars with 0 blanks and 1 valid
20.2009 	DEBUG 	Uploading Texture Font fontname to graphics card
20.2017 	DEBUG 	Upload of Texture Font fontname complete
22.1488 	INFO 	keyboard.Keyboard is using ptb backend.
22.5162 	INFO 	keyboard.Keyboard is using ptb backend.
22.8791 	INFO 	keyboard.Keyboard is using ptb backend.
23.2400 	INFO 	keyboard.Keyboard is using ptb backend.
23.6032 	INFO 	keyboard.Keyboard is using ptb backend.
23.6033 	EXP 	1back_category: status = STARTED
23.6439 	EXP 	Created sessText = TextStim(__class__=<class 'psychopy.visual.text.TextStim'>, alignHoriz=method-wrapper(...), alignText='center', alignVert=method-wrapper(...), anchorHoriz='center', anchorVert='center', antialias=True, autoDraw=False, autoLog=True, bold=False, color=array([1., 1., 1.]), colorSpace='rgb', contrast=1.0, depth=0.0, draggable=False, flipHoriz=False, flipVert=False, font='Open Sans', fontFiles=[], height=np.float64(0.05), italic=False, languageStyle='LTR', name='sessText', opacity=1, ori=0.0, pos=array([0., 0.]), rgb=UNKNOWN, text='Press Enter to start', units='height', win=Window(...), wrapWidth=1)
23.6483 	EXP 	Created trialText = TextStim(__class__=<class 'psychopy.visual.text.TextStim'>, alignHoriz=method-wrapper(...), alignText='center', alignVert=method-wrapper(...), anchorHoriz='center', anchorVert='center', antialias=True, autoDraw=False, autoLog=True, bold=False, color=array([1., 1., 1.]), colorSpace='rgb', contrast=1.0, depth=0.0, draggable=False, flipHoriz=False, flipVert=False, font='Open Sans', fontFiles=[], height=np.float64(0.05), italic=False, languageStyle='LTR', name='trialText', opacity=1, ori=0.0, pos=array([0., 0.]), rgb=UNKNOWN, text='Press Enter to start the trial', units='height', win=Window(...), wrapWidth=1)
23.6654 	EXP 	Created img = ImageStim(__class__=<class 'psychopy.visual.image.ImageStim'>, anchor=('center', 'center'), autoLog=True, color=array([1., 1., 1.]), colorSpace='rgb', contrast=1.0, depth=0.0, draggable=False, flipHoriz=np.False_, flipVert=np.False_, image='default.png', interpolate=True, mask=None, maskParams=None, name='img', opacity=1, ori=0.0, pos=array([0., 0.]), size=array([0.5, 0.5]), texRes=128.0, units='height', win=Window(...))
23.6722 	EXP 	Created itiText = TextStim(__class__=<class 'psychopy.visual.text.TextStim'>, alignHoriz=method-wrapper(...), alignText='center', alignVert=method-wrapper(...), anchorHoriz='center', anchorVert='center', antialias=True, autoDraw=False, autoLog=True, bold=False, color=array([1., 1., 1.]), colorSpace='rgb', contrast=1.0, depth=0.0, draggable=False, flipHoriz=False, flipVert=False, font='Open Sans', fontFiles=[], height=np.float64(0.05), italic=False, languageStyle='LTR', name='itiText', opacity=1, ori=0.0, pos=array([0., 0.]), rgb=UNKNOWN, text='Next trial in 5s - press Enter to start now', units='height', win=Window(...), wrapWidth=1)
0.0232 	DEBUG 	Read csv file with pandas: 1back_category_trials.csv
0.0241 	DEBUG 	Clearing unnamed columns from 1back_category_trials.csv
0.0253 	EXP 	Imported 1back_category_trials.csv as conditions, 3 conditions, 12 params
0.0256 	EXP 	New trial (rep=0, index=0): <Trial 0 (0 in rep 0) data={'session': np.int64(1), 'stim1': 'images/157_Chairs.png', 'stim2': 'images/188_Chairs.png', 'stim3': 'images/306_Planes.png', 'stim4': 'images/352_Cars.png', 'stim5': 'images/386_Cars.png', 'stim6': 'images/402_Animals.png', 'act2': 'x', 'act3': 'b', 'act4': 'x', 'act5': 'b', 'act6': 'x', 'thisN': 0, 'thisTrialN': 0, 'thisRepN': 0}>
0.0429 	INFO 	Keyboard events cleared
0.0429 	WARNING 	t of last frame was 40.94ms (=1/24)
0.0429 	EXP 	sessText: height = np.float64(0.05)
0.0429 	EXP 	sessText: height = np.float64(0.05)
0.0429 	EXP 	sessText: height = np.float64(0.05)
0.0429 	EXP 	sessText: text = 'Session: 1\nPress Enter to start'
0.0429 	EXP 	sessText: autoDraw = True
1.0998 	EXP 	Device response: <KeyPress from None: t=0.9108520610025153, value=return, duration=None>
1.1000 	EXP 	Device response: <KeyPress from None: t=0.9108520610025153, value=return, duration=0.12786083994433284>
1.1042 	DATA 	Keypress: return
1.1073 	INFO 	Keyboard events cleared
1.1072 	WARNING 	t of last frame was 187.26ms (=1/5)
1.1072 	EXP 	sessText: autoDraw = False
1.1072 	EXP 	trialText: autoDraw = True
1.3934 	EXP 	Device response: <KeyPress from None: t=1.3902051310287789, value=return, duration=None>
1.3937 	EXP 	New trial (rep=0, index=0): <Trial 0 (0 in rep 0) data={'thisN': 0, 'thisTrialN': 0, 'thisRepN': 0}>
1.4045 	DEBUG 	Saving data for 1back_category ExperimentHandler
1.4054 	INFO 	saved data to /Users/xiaoxuan/Desktop/202510_proj_nat_abs_pyschopy/1back_category/data/pilot_1back_category_2025-10-12_15h23.54.430.psydat
1.4060 	INFO 	saved data to '/Users/xiaoxuan/Desktop/202510_proj_nat_abs_pyschopy/1back_category/data/pilot_1back_category_2025-10-12_15h23.54.430.csv'
1.4077 	WARNING 	Stopping key buffers but this could be dangerous ifother keyboards rely on the same.
1.4077 	WARNING 	Stopping key buffers but this could be dangerous ifother keyboards rely on the same.
1.4078 	WARNING 	Stopping key buffers but this could be dangerous ifother keyboards rely on the same.
1.4079 	WARNING 	Stopping key buffers but this could be dangerous ifother keyboards rely on the same.
1.4080 	WARNING 	Stopping key buffers but this could be dangerous ifother keyboards rely on the same.
