17.8940 	INFO 	Loaded monitor calibration from ['2022_04_13 13:32']
18.0640 	INFO 	Using renderer 'AMD Radeon Pro 5500M OpenGL Engine' for graphics
18.0640 	INFO 	OpenGL version supported by driver is 2..
18.0812 	EXP 	Created window1 = Window(allowGUI=True, allowStencil=False, autoLog=True, backendConf=UNKNOWN, backgroundFit=<method-wrapper '__getattribute__' of attributeSetter object at 0x1375d8af0>, backgroundImage=<method-wrapper '__getattribute__' of attributeSetter object at 0x1375d8b50>, bitsMode=UNKNOWN, blendMode='avg', bpc=(8, 8, 8), color=array([0, 0, 0]), colorSpace='rgb', depthBits=8, fullscr=False, gamma=None, gammaErrorPolicy='raise', infoMsg=UNKNOWN, lms=UNKNOWN, monitor=<psychopy.monitors.calibTools.Monitor object at 0x137410fa0>, multiSample=False, name='window1', numSamples=2, pos=[np.float64(176.0), np.float64(60.0)], screen=0, size=array([1600, 1200]), stencilBits=0, stereo=False, title='PsychoPy', units='height', useFBO=True, useRetina=True, viewOri=0.0, viewPos=None, viewScale=None, waitBlanking=True, winType='pyglet')
18.0813 	EXP 	window1: backgroundImage = ''
18.0813 	EXP 	window1: backgroundFit = 'none'
18.1062 	DEBUG 	TextBox2 loaded 1 chars with 0 blanks and 1 valid
18.1188 	DEBUG 	TextBox2 loaded 1 chars with 0 blanks and 1 valid
18.1317 	DEBUG 	TextBox2 loaded 1 chars with 0 blanks and 1 valid
18.1453 	DEBUG 	TextBox2 loaded 1 chars with 0 blanks and 1 valid
18.1584 	DEBUG 	TextBox2 loaded 1 chars with 0 blanks and 1 valid
18.1711 	DEBUG 	TextBox2 loaded 1 chars with 0 blanks and 1 valid
18.1842 	DEBUG 	TextBox2 loaded 1 chars with 0 blanks and 1 valid
18.1978 	DEBUG 	TextBox2 loaded 1 chars with 0 blanks and 1 valid
18.2107 	DEBUG 	TextBox2 loaded 1 chars with 0 blanks and 1 valid
18.2235 	DEBUG 	TextBox2 loaded 1 chars with 0 blanks and 1 valid
18.2376 	DEBUG 	TextBox2 loaded 1 chars with 0 blanks and 1 valid
18.2502 	DEBUG 	TextBox2 loaded 1 chars with 0 blanks and 1 valid
18.2631 	DEBUG 	TextBox2 loaded 1 chars with 0 blanks and 1 valid
18.2761 	DEBUG 	TextBox2 loaded 1 chars with 0 blanks and 1 valid
18.2900 	DEBUG 	TextBox2 loaded 1 chars with 0 blanks and 1 valid
18.3035 	DEBUG 	TextBox2 loaded 1 chars with 0 blanks and 1 valid
18.3178 	DEBUG 	TextBox2 loaded 1 chars with 0 blanks and 1 valid
18.3300 	DEBUG 	TextBox2 loaded 1 chars with 0 blanks and 1 valid
18.3427 	DEBUG 	TextBox2 loaded 1 chars with 0 blanks and 1 valid
18.3563 	DEBUG 	TextBox2 loaded 1 chars with 0 blanks and 1 valid
18.3691 	DEBUG 	TextBox2 loaded 1 chars with 0 blanks and 1 valid
18.3695 	DEBUG 	Uploading Texture Font fontname to graphics card
18.3722 	DEBUG 	Upload of Texture Font fontname complete
18.3925 	DEBUG 	TextBox2 loaded 1 chars with 0 blanks and 1 valid
18.4058 	DEBUG 	TextBox2 loaded 1 chars with 0 blanks and 1 valid
18.4187 	DEBUG 	TextBox2 loaded 1 chars with 0 blanks and 1 valid
18.4191 	DEBUG 	Uploading Texture Font fontname to graphics card
18.4196 	DEBUG 	Upload of Texture Font fontname complete
18.4216 	EXP 	window1: Attempting to measure frame rate of screen (0) ...
18.4216 	EXP 	window1: recordFrameIntervals = False
18.7068 	DATA 	Keypress: lshift
18.8952 	EXP 	window1: recordFrameIntervals = True
18.9723 	WARNING 	t of last frame was 44.78ms (=1/22)
19.5185 	WARNING 	t of last frame was 20.15ms (=1/49)
19.7748 	WARNING 	Couldn't measure a consistent frame rate!
  - Is your graphics card set to sync to vertical blank?
  - Are you running other processes on your computer?

19.7951 	DEBUG 	TextBox2 loaded 1 chars with 0 blanks and 1 valid
19.8083 	DEBUG 	TextBox2 loaded 1 chars with 0 blanks and 1 valid
19.8217 	DEBUG 	TextBox2 loaded 1 chars with 0 blanks and 1 valid
19.8374 	DEBUG 	TextBox2 loaded 1 chars with 0 blanks and 1 valid
19.8502 	DEBUG 	TextBox2 loaded 1 chars with 0 blanks and 1 valid
19.8640 	DEBUG 	TextBox2 loaded 1 chars with 0 blanks and 1 valid
19.8772 	DEBUG 	TextBox2 loaded 1 chars with 0 blanks and 1 valid
19.8914 	DEBUG 	TextBox2 loaded 1 chars with 0 blanks and 1 valid
19.9040 	DEBUG 	TextBox2 loaded 1 chars with 0 blanks and 1 valid
19.9174 	DEBUG 	TextBox2 loaded 1 chars with 0 blanks and 1 valid
19.9177 	DEBUG 	Uploading Texture Font fontname to graphics card
19.9182 	DEBUG 	Upload of Texture Font fontname complete
22.1209 	INFO 	keyboard.Keyboard is using ptb backend.
22.5686 	INFO 	keyboard.Keyboard is using ptb backend.
22.9898 	INFO 	keyboard.Keyboard is using ptb backend.
23.4007 	INFO 	keyboard.Keyboard is using ptb backend.
23.8254 	INFO 	keyboard.Keyboard is using ptb backend.
23.8254 	EXP 	1back_category: status = STARTED
23.8805 	EXP 	Created sessText = TextStim(__class__=<class 'psychopy.visual.text.TextStim'>, alignHoriz=method-wrapper(...), alignText='center', alignVert=method-wrapper(...), anchorHoriz='center', anchorVert='center', antialias=True, autoDraw=False, autoLog=True, bold=False, color=array([1., 1., 1.]), colorSpace='rgb', contrast=1.0, depth=0.0, draggable=False, flipHoriz=False, flipVert=False, font='Open Sans', fontFiles=[], height=np.float64(0.05), italic=False, languageStyle='LTR', name='sessText', opacity=1, ori=0.0, pos=array([0., 0.]), rgb=UNKNOWN, text='Press Enter to start', units='height', win=Window(...), wrapWidth=1)
23.8866 	EXP 	Created trialText = TextStim(__class__=<class 'psychopy.visual.text.TextStim'>, alignHoriz=method-wrapper(...), alignText='center', alignVert=method-wrapper(...), anchorHoriz='center', anchorVert='center', antialias=True, autoDraw=False, autoLog=True, bold=False, color=array([1., 1., 1.]), colorSpace='rgb', contrast=1.0, depth=0.0, draggable=False, flipHoriz=False, flipVert=False, font='Open Sans', fontFiles=[], height=np.float64(0.05), italic=False, languageStyle='LTR', name='trialText', opacity=1, ori=0.0, pos=array([0., 0.]), rgb=UNKNOWN, text='Press Enter to start the trial', units='height', win=Window(...), wrapWidth=1)
23.9019 	EXP 	Created img = ImageStim(__class__=<class 'psychopy.visual.image.ImageStim'>, anchor=('center', 'center'), autoLog=True, color=array([1., 1., 1.]), colorSpace='rgb', contrast=1.0, depth=0.0, draggable=False, flipHoriz=np.False_, flipVert=np.False_, image='default.png', interpolate=True, mask=None, maskParams=None, name='img', opacity=1, ori=0.0, pos=array([0., 0.]), size=array([0.5, 0.5]), texRes=128.0, units='height', win=Window(...))
23.9099 	EXP 	Created itiText = TextStim(__class__=<class 'psychopy.visual.text.TextStim'>, alignHoriz=method-wrapper(...), alignText='center', alignVert=method-wrapper(...), anchorHoriz='center', anchorVert='center', antialias=True, autoDraw=False, autoLog=True, bold=False, color=array([1., 1., 1.]), colorSpace='rgb', contrast=1.0, depth=0.0, draggable=False, flipHoriz=False, flipVert=False, font='Open Sans', fontFiles=[], height=np.float64(0.05), italic=False, languageStyle='LTR', name='itiText', opacity=1, ori=0.0, pos=array([0., 0.]), rgb=UNKNOWN, text='Next trial in 5s - press Enter to start now', units='height', win=Window(...), wrapWidth=1)
0.0693 	DEBUG 	Read csv file with pandas: 1back_category_trials.csv
0.0714 	DEBUG 	Clearing unnamed columns from 1back_category_trials.csv
0.0736 	EXP 	Imported 1back_category_trials.csv as conditions, 3 conditions, 12 params
0.0742 	EXP 	New trial (rep=0, index=0): <Trial 0 (0 in rep 0) data={'session': np.int64(1), 'stim1': 'images/157_Chairs.png', 'stim2': 'images/188_Chairs.png', 'stim3': 'images/306_Planes.png', 'stim4': 'images/352_Cars.png', 'stim5': 'images/386_Cars.png', 'stim6': 'images/402_Animals.png', 'act2': 'x', 'act3': 'b', 'act4': 'x', 'act5': 'b', 'act6': 'x', 'thisN': 0, 'thisTrialN': 0, 'thisRepN': 0}>
0.0900 	INFO 	Keyboard events cleared
0.0899 	WARNING 	t of last frame was 53.60ms (=1/18)
0.0899 	EXP 	sessText: height = np.float64(0.05)
0.0899 	EXP 	sessText: height = np.float64(0.05)
0.0899 	EXP 	sessText: height = np.float64(0.05)
0.0899 	EXP 	sessText: text = 'Session: 1\nPress Enter to start'
0.0899 	EXP 	sessText: autoDraw = True
0.1792 	WARNING 	t of last frame was 37.33ms (=1/26)
0.4022 	WARNING 	Multiple dropped frames have occurred - I'll stop bothering you about them!
5.2014 	EXP 	Device response: <KeyPress from None: t=5.19883162190672, value=return, duration=None>
5.2053 	DATA 	Keypress: return
5.2066 	INFO 	Keyboard events cleared
5.2065 	EXP 	sessText: autoDraw = False
5.2065 	EXP 	trialText: autoDraw = True
5.3517 	EXP 	Device response: <KeyPress from None: t=5.19883162190672, value=return, duration=0.14817586506251246>
5.4678 	EXP 	Device response: <KeyPress from None: t=5.463660749956034, value=return, duration=None>
5.4682 	EXP 	New trial (rep=0, index=0): <Trial 0 (0 in rep 0) data={'thisN': 0, 'thisTrialN': 0, 'thisRepN': 0}>
5.4785 	DEBUG 	Saving data for 1back_category ExperimentHandler
5.4791 	INFO 	saved data to /Users/xiaoxuan/Desktop/202510_proj_nat_abs_pyschopy/1back_category/data/pilot_1back_category_2025-10-12_15h27.02.163.psydat
5.4796 	INFO 	saved data to '/Users/xiaoxuan/Desktop/202510_proj_nat_abs_pyschopy/1back_category/data/pilot_1back_category_2025-10-12_15h27.02.163.csv'
5.4806 	WARNING 	Stopping key buffers but this could be dangerous ifother keyboards rely on the same.
5.4807 	WARNING 	Stopping key buffers but this could be dangerous ifother keyboards rely on the same.
5.4807 	WARNING 	Stopping key buffers but this could be dangerous ifother keyboards rely on the same.
5.4807 	WARNING 	Stopping key buffers but this could be dangerous ifother keyboards rely on the same.
5.4808 	WARNING 	Stopping key buffers but this could be dangerous ifother keyboards rely on the same.
