55.7192 	INFO 	Loaded monitor calibration from ['2022_04_13 13:32']
55.8770 	INFO 	Using renderer 'AMD Radeon Pro 5500M OpenGL Engine' for graphics
55.8770 	INFO 	OpenGL version supported by driver is 2..
55.8899 	EXP 	Created window1 = Window(allowGUI=True, allowStencil=False, autoLog=True, backendConf=UNKNOWN, backgroundFit=<method-wrapper '__getattribute__' of attributeSetter object at 0x13c652d40>, backgroundImage=<method-wrapper '__getattribute__' of attributeSetter object at 0x13c652da0>, bitsMode=UNKNOWN, blendMode='avg', bpc=(8, 8, 8), color=array([0, 0, 0]), colorSpace='rgb', depthBits=8, fullscr=False, gamma=None, gammaErrorPolicy='raise', infoMsg=UNKNOWN, lms=UNKNOWN, monitor=<psychopy.monitors.calibTools.Monitor object at 0x13c81d000>, multiSample=False, name='window1', numSamples=2, pos=[np.float64(176.0), np.float64(60.0)], screen=0, size=array([1600, 1200]), stencilBits=0, stereo=False, title='PsychoPy', units='height', useFBO=True, useRetina=True, viewOri=0.0, viewPos=None, viewScale=None, waitBlanking=True, winType='pyglet')
55.8900 	EXP 	window1: backgroundImage = ''
55.8900 	EXP 	window1: backgroundFit = 'none'
55.9111 	DEBUG 	TextBox2 loaded 1 chars with 0 blanks and 1 valid
55.9263 	DEBUG 	TextBox2 loaded 1 chars with 0 blanks and 1 valid
55.9377 	DEBUG 	TextBox2 loaded 1 chars with 0 blanks and 1 valid
55.9510 	DEBUG 	TextBox2 loaded 1 chars with 0 blanks and 1 valid
55.9623 	DEBUG 	TextBox2 loaded 1 chars with 0 blanks and 1 valid
55.9745 	DEBUG 	TextBox2 loaded 1 chars with 0 blanks and 1 valid
55.9858 	DEBUG 	TextBox2 loaded 1 chars with 0 blanks and 1 valid
55.9974 	DEBUG 	TextBox2 loaded 1 chars with 0 blanks and 1 valid
56.0087 	DEBUG 	TextBox2 loaded 1 chars with 0 blanks and 1 valid
56.0202 	DEBUG 	TextBox2 loaded 1 chars with 0 blanks and 1 valid
56.0319 	DEBUG 	TextBox2 loaded 1 chars with 0 blanks and 1 valid
56.0430 	DEBUG 	TextBox2 loaded 1 chars with 0 blanks and 1 valid
56.0539 	DEBUG 	TextBox2 loaded 1 chars with 0 blanks and 1 valid
56.0646 	DEBUG 	TextBox2 loaded 1 chars with 0 blanks and 1 valid
56.0777 	DEBUG 	TextBox2 loaded 1 chars with 0 blanks and 1 valid
56.0885 	DEBUG 	TextBox2 loaded 1 chars with 0 blanks and 1 valid
56.1001 	DEBUG 	TextBox2 loaded 1 chars with 0 blanks and 1 valid
56.1109 	DEBUG 	TextBox2 loaded 1 chars with 0 blanks and 1 valid
56.1234 	DEBUG 	TextBox2 loaded 1 chars with 0 blanks and 1 valid
56.1357 	DEBUG 	TextBox2 loaded 1 chars with 0 blanks and 1 valid
56.1472 	DEBUG 	TextBox2 loaded 1 chars with 0 blanks and 1 valid
56.1476 	DEBUG 	Uploading Texture Font fontname to graphics card
56.1495 	DEBUG 	Upload of Texture Font fontname complete
56.1662 	DEBUG 	TextBox2 loaded 1 chars with 0 blanks and 1 valid
56.1797 	DEBUG 	TextBox2 loaded 1 chars with 0 blanks and 1 valid
56.1908 	DEBUG 	TextBox2 loaded 1 chars with 0 blanks and 1 valid
56.1910 	DEBUG 	Uploading Texture Font fontname to graphics card
56.1914 	DEBUG 	Upload of Texture Font fontname complete
56.1932 	EXP 	window1: Attempting to measure frame rate of screen (0) ...
56.1932 	EXP 	window1: recordFrameIntervals = False
56.5565 	EXP 	window1: recordFrameIntervals = True
57.3918 	WARNING 	Couldn't measure a consistent frame rate!
  - Is your graphics card set to sync to vertical blank?
  - Are you running other processes on your computer?

57.4110 	DEBUG 	TextBox2 loaded 1 chars with 0 blanks and 1 valid
57.4240 	DEBUG 	TextBox2 loaded 1 chars with 0 blanks and 1 valid
57.4370 	DEBUG 	TextBox2 loaded 1 chars with 0 blanks and 1 valid
57.4491 	DEBUG 	TextBox2 loaded 1 chars with 0 blanks and 1 valid
57.4640 	DEBUG 	TextBox2 loaded 1 chars with 0 blanks and 1 valid
57.4772 	DEBUG 	TextBox2 loaded 1 chars with 0 blanks and 1 valid
57.4886 	DEBUG 	TextBox2 loaded 1 chars with 0 blanks and 1 valid
57.5003 	DEBUG 	TextBox2 loaded 1 chars with 0 blanks and 1 valid
57.5123 	DEBUG 	TextBox2 loaded 1 chars with 0 blanks and 1 valid
57.5272 	DEBUG 	TextBox2 loaded 1 chars with 0 blanks and 1 valid
57.5276 	DEBUG 	Uploading Texture Font fontname to graphics card
57.5283 	DEBUG 	Upload of Texture Font fontname complete
59.4997 	INFO 	keyboard.Keyboard is using ptb backend.
59.8737 	INFO 	keyboard.Keyboard is using ptb backend.
60.2388 	INFO 	keyboard.Keyboard is using ptb backend.
60.5958 	INFO 	keyboard.Keyboard is using ptb backend.
60.9497 	INFO 	keyboard.Keyboard is using ptb backend.
60.9497 	EXP 	1back_category: status = STARTED
60.9865 	EXP 	Created sessText = TextStim(__class__=<class 'psychopy.visual.text.TextStim'>, alignHoriz=method-wrapper(...), alignText='center', alignVert=method-wrapper(...), anchorHoriz='center', anchorVert='center', antialias=True, autoDraw=False, autoLog=True, bold=False, color=array([1., 1., 1.]), colorSpace='rgb', contrast=1.0, depth=0.0, draggable=False, flipHoriz=False, flipVert=False, font='Open Sans', fontFiles=[], height=np.float64(0.05), italic=False, languageStyle='LTR', name='sessText', opacity=1, ori=0.0, pos=array([0., 0.]), rgb=UNKNOWN, text='Press Enter to start', units='height', win=Window(...), wrapWidth=1)
60.9909 	EXP 	Created trialText = TextStim(__class__=<class 'psychopy.visual.text.TextStim'>, alignHoriz=method-wrapper(...), alignText='center', alignVert=method-wrapper(...), anchorHoriz='center', anchorVert='center', antialias=True, autoDraw=False, autoLog=True, bold=False, color=array([1., 1., 1.]), colorSpace='rgb', contrast=1.0, depth=0.0, draggable=False, flipHoriz=False, flipVert=False, font='Open Sans', fontFiles=[], height=np.float64(0.05), italic=False, languageStyle='LTR', name='trialText', opacity=1, ori=0.0, pos=array([0., 0.]), rgb=UNKNOWN, text='Press Enter to start the trial', units='height', win=Window(...), wrapWidth=1)
61.0083 	EXP 	Created img = ImageStim(__class__=<class 'psychopy.visual.image.ImageStim'>, anchor=('center', 'center'), autoLog=True, color=array([1., 1., 1.]), colorSpace='rgb', contrast=1.0, depth=0.0, draggable=False, flipHoriz=np.False_, flipVert=np.False_, image='default.png', interpolate=True, mask=None, maskParams=None, name='img', opacity=1, ori=0.0, pos=array([0., 0.]), size=array([0.5, 0.5]), texRes=128.0, units='height', win=Window(...))
61.0155 	EXP 	Created itiText = TextStim(__class__=<class 'psychopy.visual.text.TextStim'>, alignHoriz=method-wrapper(...), alignText='center', alignVert=method-wrapper(...), anchorHoriz='center', anchorVert='center', antialias=True, autoDraw=False, autoLog=True, bold=False, color=array([1., 1., 1.]), colorSpace='rgb', contrast=1.0, depth=0.0, draggable=False, flipHoriz=False, flipVert=False, font='Open Sans', fontFiles=[], height=np.float64(0.05), italic=False, languageStyle='LTR', name='itiText', opacity=1, ori=0.0, pos=array([0., 0.]), rgb=UNKNOWN, text='Next trial in 5s - press Enter to start now', units='height', win=Window(...), wrapWidth=1)
0.0224 	DEBUG 	Read csv file with pandas: 1back_category_trials.csv
0.0234 	DEBUG 	Clearing unnamed columns from 1back_category_trials.csv
0.0245 	EXP 	Imported 1back_category_trials.csv as conditions, 3 conditions, 12 params
0.0248 	EXP 	New trial (rep=0, index=0): <Trial 0 (0 in rep 0) data={'session': np.int64(1), 'stim1': 'images/157_Chairs.png', 'stim2': 'images/188_Chairs.png', 'stim3': 'images/306_Planes.png', 'stim4': 'images/352_Cars.png', 'stim5': 'images/386_Cars.png', 'stim6': 'images/402_Animals.png', 'act2': 'x', 'act3': 'b', 'act4': 'x', 'act5': 'b', 'act6': 'x', 'thisN': 0, 'thisTrialN': 0, 'thisRepN': 0}>
0.0359 	INFO 	Keyboard events cleared
0.0359 	WARNING 	t of last frame was 34.07ms (=1/29)
0.0359 	EXP 	sessText: height = np.float64(0.05)
0.0359 	EXP 	sessText: height = np.float64(0.05)
0.0359 	EXP 	sessText: height = np.float64(0.05)
0.0359 	EXP 	sessText: text = 'Session: 1\nPress Enter to start'
0.0359 	EXP 	sessText: autoDraw = True
0.9641 	EXP 	Device response: <KeyPress from None: t=0.7902542189694941, value=return, duration=None>
0.9643 	EXP 	Device response: <KeyPress from None: t=0.7902542189694941, value=return, duration=0.046904015936888754>
0.9700 	DATA 	Keypress: return
0.9731 	INFO 	Keyboard events cleared
0.9731 	WARNING 	t of last frame was 183.52ms (=1/5)
0.9731 	EXP 	sessText: autoDraw = False
0.9731 	EXP 	trialText: autoDraw = True
1.2595 	EXP 	Device response: <KeyPress from None: t=1.2578436899930239, value=return, duration=None>
1.2598 	EXP 	New trial (rep=0, index=0): <Trial 0 (0 in rep 0) data={'thisN': 0, 'thisTrialN': 0, 'thisRepN': 0}>
1.2702 	DEBUG 	Saving data for 1back_category ExperimentHandler
1.2708 	INFO 	saved data to /Users/xiaoxuan/Desktop/202510_proj_nat_abs_pyschopy/1back_category/data/pilot_1back_category_2025-10-12_13h44.26.846.psydat
1.2713 	INFO 	saved data to '/Users/xiaoxuan/Desktop/202510_proj_nat_abs_pyschopy/1back_category/data/pilot_1back_category_2025-10-12_13h44.26.846.csv'
1.2721 	WARNING 	Stopping key buffers but this could be dangerous ifother keyboards rely on the same.
1.2722 	WARNING 	Stopping key buffers but this could be dangerous ifother keyboards rely on the same.
1.2722 	WARNING 	Stopping key buffers but this could be dangerous ifother keyboards rely on the same.
1.2722 	WARNING 	Stopping key buffers but this could be dangerous ifother keyboards rely on the same.
1.2722 	WARNING 	Stopping key buffers but this could be dangerous ifother keyboards rely on the same.
