21.6127 	INFO 	Loaded monitor calibration from ['2022_04_13 13:32']
21.7707 	INFO 	Using renderer 'AMD Radeon Pro 5500M OpenGL Engine' for graphics
21.7708 	INFO 	OpenGL version supported by driver is 2..
21.7868 	EXP 	Created window1 = Window(allowGUI=True, allowStencil=False, autoLog=True, backendConf=UNKNOWN, backgroundFit=<method-wrapper '__getattribute__' of attributeSetter object at 0x131eac400>, backgroundImage=<method-wrapper '__getattribute__' of attributeSetter object at 0x131eac3a0>, bitsMode=UNKNOWN, blendMode='avg', bpc=(8, 8, 8), color=array([0, 0, 0]), colorSpace='rgb', depthBits=8, fullscr=False, gamma=None, gammaErrorPolicy='raise', infoMsg=UNKNOWN, lms=UNKNOWN, monitor=<psychopy.monitors.calibTools.Monitor object at 0x131f4e8f0>, multiSample=False, name='window1', numSamples=2, pos=[np.float64(176.0), np.float64(60.0)], screen=0, size=array([1600, 1200]), stencilBits=0, stereo=False, title='PsychoPy', units='height', useFBO=True, useRetina=True, viewOri=0.0, viewPos=None, viewScale=None, waitBlanking=True, winType='pyglet')
21.7869 	EXP 	window1: backgroundImage = ''
21.7869 	EXP 	window1: backgroundFit = 'none'
21.8106 	DEBUG 	TextBox2 loaded 1 chars with 0 blanks and 1 valid
21.8223 	DEBUG 	TextBox2 loaded 1 chars with 0 blanks and 1 valid
21.8351 	DEBUG 	TextBox2 loaded 1 chars with 0 blanks and 1 valid
21.8499 	DEBUG 	TextBox2 loaded 1 chars with 0 blanks and 1 valid
21.8625 	DEBUG 	TextBox2 loaded 1 chars with 0 blanks and 1 valid
21.8734 	DEBUG 	TextBox2 loaded 1 chars with 0 blanks and 1 valid
21.8849 	DEBUG 	TextBox2 loaded 1 chars with 0 blanks and 1 valid
21.9000 	DEBUG 	TextBox2 loaded 1 chars with 0 blanks and 1 valid
21.9116 	DEBUG 	TextBox2 loaded 1 chars with 0 blanks and 1 valid
21.9235 	DEBUG 	TextBox2 loaded 1 chars with 0 blanks and 1 valid
21.9352 	DEBUG 	TextBox2 loaded 1 chars with 0 blanks and 1 valid
21.9497 	DEBUG 	TextBox2 loaded 1 chars with 0 blanks and 1 valid
21.9618 	DEBUG 	TextBox2 loaded 1 chars with 0 blanks and 1 valid
21.9745 	DEBUG 	TextBox2 loaded 1 chars with 0 blanks and 1 valid
21.9865 	DEBUG 	TextBox2 loaded 1 chars with 0 blanks and 1 valid
22.0002 	DEBUG 	TextBox2 loaded 1 chars with 0 blanks and 1 valid
22.0121 	DEBUG 	TextBox2 loaded 1 chars with 0 blanks and 1 valid
22.0239 	DEBUG 	TextBox2 loaded 1 chars with 0 blanks and 1 valid
22.0355 	DEBUG 	TextBox2 loaded 1 chars with 0 blanks and 1 valid
22.0497 	DEBUG 	TextBox2 loaded 1 chars with 0 blanks and 1 valid
22.0617 	DEBUG 	TextBox2 loaded 1 chars with 0 blanks and 1 valid
22.0621 	DEBUG 	Uploading Texture Font fontname to graphics card
22.0645 	DEBUG 	Upload of Texture Font fontname complete
22.0824 	DEBUG 	TextBox2 loaded 1 chars with 0 blanks and 1 valid
22.0969 	DEBUG 	TextBox2 loaded 1 chars with 0 blanks and 1 valid
22.1095 	DEBUG 	TextBox2 loaded 1 chars with 0 blanks and 1 valid
22.1098 	DEBUG 	Uploading Texture Font fontname to graphics card
22.1103 	DEBUG 	Upload of Texture Font fontname complete
22.1120 	EXP 	window1: Attempting to measure frame rate of screen (0) ...
22.1120 	EXP 	window1: recordFrameIntervals = False
22.4557 	EXP 	window1: recordFrameIntervals = True
23.2890 	WARNING 	Couldn't measure a consistent frame rate!
  - Is your graphics card set to sync to vertical blank?
  - Are you running other processes on your computer?

23.3087 	DEBUG 	TextBox2 loaded 1 chars with 0 blanks and 1 valid
23.3202 	DEBUG 	TextBox2 loaded 1 chars with 0 blanks and 1 valid
23.3339 	DEBUG 	TextBox2 loaded 1 chars with 0 blanks and 1 valid
23.3483 	DEBUG 	TextBox2 loaded 1 chars with 0 blanks and 1 valid
23.3614 	DEBUG 	TextBox2 loaded 1 chars with 0 blanks and 1 valid
23.3745 	DEBUG 	TextBox2 loaded 1 chars with 0 blanks and 1 valid
23.3881 	DEBUG 	TextBox2 loaded 1 chars with 0 blanks and 1 valid
23.4021 	DEBUG 	TextBox2 loaded 1 chars with 0 blanks and 1 valid
23.4143 	DEBUG 	TextBox2 loaded 1 chars with 0 blanks and 1 valid
23.4269 	DEBUG 	TextBox2 loaded 1 chars with 0 blanks and 1 valid
23.4273 	DEBUG 	Uploading Texture Font fontname to graphics card
23.4278 	DEBUG 	Upload of Texture Font fontname complete
25.4544 	INFO 	keyboard.Keyboard is using ptb backend.
25.8262 	INFO 	keyboard.Keyboard is using ptb backend.
26.2050 	INFO 	keyboard.Keyboard is using ptb backend.
26.5730 	INFO 	keyboard.Keyboard is using ptb backend.
26.9503 	INFO 	keyboard.Keyboard is using ptb backend.
26.9503 	EXP 	1back_category: status = STARTED
26.9888 	EXP 	Created sessText = TextStim(__class__=<class 'psychopy.visual.text.TextStim'>, alignHoriz=method-wrapper(...), alignText='center', alignVert=method-wrapper(...), anchorHoriz='center', anchorVert='center', antialias=True, autoDraw=False, autoLog=True, bold=False, color=array([1., 1., 1.]), colorSpace='rgb', contrast=1.0, depth=0.0, draggable=False, flipHoriz=False, flipVert=False, font='Open Sans', fontFiles=[], height=np.float64(0.05), italic=False, languageStyle='LTR', name='sessText', opacity=1, ori=0.0, pos=array([0., 0.]), rgb=UNKNOWN, text='Press Enter to start', units='height', win=Window(...), wrapWidth=1)
26.9939 	EXP 	Created trialText = TextStim(__class__=<class 'psychopy.visual.text.TextStim'>, alignHoriz=method-wrapper(...), alignText='center', alignVert=method-wrapper(...), anchorHoriz='center', anchorVert='center', antialias=True, autoDraw=False, autoLog=True, bold=False, color=array([1., 1., 1.]), colorSpace='rgb', contrast=1.0, depth=0.0, draggable=False, flipHoriz=False, flipVert=False, font='Open Sans', fontFiles=[], height=np.float64(0.05), italic=False, languageStyle='LTR', name='trialText', opacity=1, ori=0.0, pos=array([0., 0.]), rgb=UNKNOWN, text='Press Enter to start the trial', units='height', win=Window(...), wrapWidth=1)
27.0093 	EXP 	Created img = ImageStim(__class__=<class 'psychopy.visual.image.ImageStim'>, anchor=('center', 'center'), autoLog=True, color=array([1., 1., 1.]), colorSpace='rgb', contrast=1.0, depth=0.0, draggable=False, flipHoriz=np.False_, flipVert=np.False_, image='default.png', interpolate=True, mask=None, maskParams=None, name='img', opacity=1, ori=0.0, pos=array([0., 0.]), size=array([0.5, 0.5]), texRes=128.0, units='height', win=Window(...))
27.0163 	EXP 	Created itiText = TextStim(__class__=<class 'psychopy.visual.text.TextStim'>, alignHoriz=method-wrapper(...), alignText='center', alignVert=method-wrapper(...), anchorHoriz='center', anchorVert='center', antialias=True, autoDraw=False, autoLog=True, bold=False, color=array([1., 1., 1.]), colorSpace='rgb', contrast=1.0, depth=0.0, draggable=False, flipHoriz=False, flipVert=False, font='Open Sans', fontFiles=[], height=np.float64(0.05), italic=False, languageStyle='LTR', name='itiText', opacity=1, ori=0.0, pos=array([0., 0.]), rgb=UNKNOWN, text='Next trial in 5s - press Enter to start now', units='height', win=Window(...), wrapWidth=1)
0.0012 	DATA 	Mouse: Left button down, pos=(411,221)
0.0017 	DATA 	Mouse:  Left button up, pos=(411,221)
0.0258 	DEBUG 	Read csv file with pandas: 1back_category_trials.csv
0.0274 	DEBUG 	Clearing unnamed columns from 1back_category_trials.csv
0.0287 	EXP 	Imported 1back_category_trials.csv as conditions, 3 conditions, 12 params
0.0291 	EXP 	New trial (rep=0, index=0): <Trial 0 (0 in rep 0) data={'session': np.int64(1), 'stim1': 'images/157_Chairs.png', 'stim2': 'images/188_Chairs.png', 'stim3': 'images/306_Planes.png', 'stim4': 'images/352_Cars.png', 'stim5': 'images/386_Cars.png', 'stim6': 'images/402_Animals.png', 'act2': 'x', 'act3': 'b', 'act4': 'x', 'act5': 'b', 'act6': 'x', 'thisN': 0, 'thisTrialN': 0, 'thisRepN': 0}>
0.0414 	INFO 	Keyboard events cleared
0.0413 	WARNING 	t of last frame was 38.73ms (=1/25)
0.0413 	EXP 	sessText: height = np.float64(0.05)
0.0413 	EXP 	sessText: height = np.float64(0.05)
0.0413 	EXP 	sessText: height = np.float64(0.05)
0.0413 	EXP 	sessText: text = 'Session: 1\nPress Enter to start'
0.0413 	EXP 	sessText: autoDraw = True
1.1267 	EXP 	Device response: <KeyPress from None: t=0.932714655995369, value=return, duration=None>
1.1269 	EXP 	Device response: <KeyPress from None: t=0.932714655995369, value=return, duration=0.05197105696424842>
1.1313 	DATA 	Keypress: return
1.1345 	INFO 	Keyboard events cleared
1.1345 	WARNING 	t of last frame was 195.04ms (=1/5)
1.1345 	EXP 	sessText: autoDraw = False
1.1345 	EXP 	trialText: autoDraw = True
1.4311 	EXP 	Device response: <KeyPress from None: t=1.43037633493077, value=return, duration=None>
1.4421 	EXP 	New trial (rep=0, index=0): <Trial 0 (0 in rep 0) data={'thisN': 0, 'thisTrialN': 0, 'thisRepN': 0}>
1.4529 	DEBUG 	Saving data for 1back_category ExperimentHandler
1.4535 	INFO 	saved data to /Users/xiaoxuan/Desktop/202510_proj_nat_abs_pyschopy/1back_category/data/pilot_1back_category_2025-10-12_15h32.50.098.psydat
1.4541 	INFO 	saved data to '/Users/xiaoxuan/Desktop/202510_proj_nat_abs_pyschopy/1back_category/data/pilot_1back_category_2025-10-12_15h32.50.098.csv'
1.4549 	WARNING 	Stopping key buffers but this could be dangerous ifother keyboards rely on the same.
1.4549 	WARNING 	Stopping key buffers but this could be dangerous ifother keyboards rely on the same.
1.4549 	WARNING 	Stopping key buffers but this could be dangerous ifother keyboards rely on the same.
1.4550 	WARNING 	Stopping key buffers but this could be dangerous ifother keyboards rely on the same.
1.4550 	WARNING 	Stopping key buffers but this could be dangerous ifother keyboards rely on the same.
