18.5519 	INFO 	Loaded monitor calibration from ['2022_04_13 13:32']
18.7014 	INFO 	Using renderer 'AMD Radeon Pro 5500M OpenGL Engine' for graphics
18.7015 	INFO 	OpenGL version supported by driver is 2..
18.7165 	EXP 	Created window1 = Window(allowGUI=True, allowStencil=False, autoLog=True, backendConf=UNKNOWN, backgroundFit=<method-wrapper '__getattribute__' of attributeSetter object at 0x1317e3e50>, backgroundImage=<method-wrapper '__getattribute__' of attributeSetter object at 0x1317e3df0>, bitsMode=UNKNOWN, blendMode='avg', bpc=(8, 8, 8), color=array([0, 0, 0]), colorSpace='rgb', depthBits=8, fullscr=False, gamma=None, gammaErrorPolicy='raise', infoMsg=UNKNOWN, lms=UNKNOWN, monitor=<psychopy.monitors.calibTools.Monitor object at 0x1317e7d90>, multiSample=False, name='window1', numSamples=2, pos=[np.float64(176.0), np.float64(60.0)], screen=0, size=array([1600, 1200]), stencilBits=0, stereo=False, title='PsychoPy', units='height', useFBO=True, useRetina=True, viewOri=0.0, viewPos=None, viewScale=None, waitBlanking=True, winType='pyglet')
18.7166 	EXP 	window1: backgroundImage = ''
18.7166 	EXP 	window1: backgroundFit = 'none'
18.7395 	DEBUG 	TextBox2 loaded 1 chars with 0 blanks and 1 valid
18.7525 	DEBUG 	TextBox2 loaded 1 chars with 0 blanks and 1 valid
18.7657 	DEBUG 	TextBox2 loaded 1 chars with 0 blanks and 1 valid
18.7792 	DEBUG 	TextBox2 loaded 1 chars with 0 blanks and 1 valid
18.7929 	DEBUG 	TextBox2 loaded 1 chars with 0 blanks and 1 valid
18.8061 	DEBUG 	TextBox2 loaded 1 chars with 0 blanks and 1 valid
18.8195 	DEBUG 	TextBox2 loaded 1 chars with 0 blanks and 1 valid
18.8331 	DEBUG 	TextBox2 loaded 1 chars with 0 blanks and 1 valid
18.8459 	DEBUG 	TextBox2 loaded 1 chars with 0 blanks and 1 valid
18.8588 	DEBUG 	TextBox2 loaded 1 chars with 0 blanks and 1 valid
18.8721 	DEBUG 	TextBox2 loaded 1 chars with 0 blanks and 1 valid
18.8853 	DEBUG 	TextBox2 loaded 1 chars with 0 blanks and 1 valid
18.8984 	DEBUG 	TextBox2 loaded 1 chars with 0 blanks and 1 valid
18.9117 	DEBUG 	TextBox2 loaded 1 chars with 0 blanks and 1 valid
18.9248 	DEBUG 	TextBox2 loaded 1 chars with 0 blanks and 1 valid
18.9382 	DEBUG 	TextBox2 loaded 1 chars with 0 blanks and 1 valid
18.9516 	DEBUG 	TextBox2 loaded 1 chars with 0 blanks and 1 valid
18.9646 	DEBUG 	TextBox2 loaded 1 chars with 0 blanks and 1 valid
18.9775 	DEBUG 	TextBox2 loaded 1 chars with 0 blanks and 1 valid
18.9910 	DEBUG 	TextBox2 loaded 1 chars with 0 blanks and 1 valid
19.0040 	DEBUG 	TextBox2 loaded 1 chars with 0 blanks and 1 valid
19.0044 	DEBUG 	Uploading Texture Font fontname to graphics card
19.0071 	DEBUG 	Upload of Texture Font fontname complete
19.0267 	DEBUG 	TextBox2 loaded 1 chars with 0 blanks and 1 valid
19.0402 	DEBUG 	TextBox2 loaded 1 chars with 0 blanks and 1 valid
19.0539 	DEBUG 	TextBox2 loaded 1 chars with 0 blanks and 1 valid
19.0542 	DEBUG 	Uploading Texture Font fontname to graphics card
19.0548 	DEBUG 	Upload of Texture Font fontname complete
19.0569 	EXP 	window1: Attempting to measure frame rate of screen (0) ...
19.0569 	EXP 	window1: recordFrameIntervals = False
19.3970 	EXP 	window1: recordFrameIntervals = True
20.2318 	WARNING 	Couldn't measure a consistent frame rate!
  - Is your graphics card set to sync to vertical blank?
  - Are you running other processes on your computer?

20.2504 	DEBUG 	TextBox2 loaded 1 chars with 0 blanks and 1 valid
20.2634 	DEBUG 	TextBox2 loaded 1 chars with 0 blanks and 1 valid
20.2763 	DEBUG 	TextBox2 loaded 1 chars with 0 blanks and 1 valid
20.2893 	DEBUG 	TextBox2 loaded 1 chars with 0 blanks and 1 valid
20.3025 	DEBUG 	TextBox2 loaded 1 chars with 0 blanks and 1 valid
20.3158 	DEBUG 	TextBox2 loaded 1 chars with 0 blanks and 1 valid
20.3281 	DEBUG 	TextBox2 loaded 1 chars with 0 blanks and 1 valid
20.3413 	DEBUG 	TextBox2 loaded 1 chars with 0 blanks and 1 valid
20.3554 	DEBUG 	TextBox2 loaded 1 chars with 0 blanks and 1 valid
20.3695 	DEBUG 	TextBox2 loaded 1 chars with 0 blanks and 1 valid
20.3698 	DEBUG 	Uploading Texture Font fontname to graphics card
20.3703 	DEBUG 	Upload of Texture Font fontname complete
22.1574 	INFO 	keyboard.Keyboard is using ptb backend.
22.5469 	INFO 	keyboard.Keyboard is using ptb backend.
22.9428 	INFO 	keyboard.Keyboard is using ptb backend.
23.3505 	INFO 	keyboard.Keyboard is using ptb backend.
23.7531 	INFO 	keyboard.Keyboard is using ptb backend.
23.7532 	EXP 	1back_category: status = STARTED
23.7835 	EXP 	Created sessText = TextStim(__class__=<class 'psychopy.visual.text.TextStim'>, alignHoriz=method-wrapper(...), alignText='center', alignVert=method-wrapper(...), anchorHoriz='center', anchorVert='center', antialias=True, autoDraw=False, autoLog=True, bold=False, color=array([1., 1., 1.]), colorSpace='rgb', contrast=1.0, depth=0.0, draggable=False, flipHoriz=False, flipVert=False, font='Open Sans', fontFiles=[], height=np.float64(0.05), italic=False, languageStyle='LTR', name='sessText', opacity=1, ori=0.0, pos=array([0., 0.]), rgb=UNKNOWN, text='Press Enter to start', units='height', win=Window(...), wrapWidth=1)
23.7885 	EXP 	Created trialText = TextStim(__class__=<class 'psychopy.visual.text.TextStim'>, alignHoriz=method-wrapper(...), alignText='center', alignVert=method-wrapper(...), anchorHoriz='center', anchorVert='center', antialias=True, autoDraw=False, autoLog=True, bold=False, color=array([1., 1., 1.]), colorSpace='rgb', contrast=1.0, depth=0.0, draggable=False, flipHoriz=False, flipVert=False, font='Open Sans', fontFiles=[], height=np.float64(0.05), italic=False, languageStyle='LTR', name='trialText', opacity=1, ori=0.0, pos=array([0., 0.]), rgb=UNKNOWN, text='Press Enter to start the trial', units='height', win=Window(...), wrapWidth=1)
23.7990 	EXP 	Created img = ImageStim(__class__=<class 'psychopy.visual.image.ImageStim'>, anchor=('center', 'center'), autoLog=True, color=array([1., 1., 1.]), colorSpace='rgb', contrast=1.0, depth=0.0, draggable=False, flipHoriz=np.False_, flipVert=np.False_, image='default.png', interpolate=True, mask=None, maskParams=None, name='img', opacity=1, ori=0.0, pos=array([0., 0.]), size=array([0.5, 0.5]), texRes=128.0, units='height', win=Window(...))
23.8065 	EXP 	Created itiText = TextStim(__class__=<class 'psychopy.visual.text.TextStim'>, alignHoriz=method-wrapper(...), alignText='center', alignVert=method-wrapper(...), anchorHoriz='center', anchorVert='center', antialias=True, autoDraw=False, autoLog=True, bold=False, color=array([1., 1., 1.]), colorSpace='rgb', contrast=1.0, depth=0.0, draggable=False, flipHoriz=False, flipVert=False, font='Open Sans', fontFiles=[], height=np.float64(0.05), italic=False, languageStyle='LTR', name='itiText', opacity=1, ori=0.0, pos=array([0., 0.]), rgb=UNKNOWN, text='Next trial in 5s - press Enter to start now', units='height', win=Window(...), wrapWidth=1)
0.0214 	DEBUG 	Read csv file with pandas: 1back_category_trials.csv
0.0226 	DEBUG 	Clearing unnamed columns from 1back_category_trials.csv
0.0238 	EXP 	Imported 1back_category_trials.csv as conditions, 3 conditions, 12 params
0.0241 	EXP 	New trial (rep=0, index=0): <Trial 0 (0 in rep 0) data={'session': np.int64(1), 'stim1': 'images/157_Chairs.png', 'stim2': 'images/188_Chairs.png', 'stim3': 'images/306_Planes.png', 'stim4': 'images/352_Cars.png', 'stim5': 'images/386_Cars.png', 'stim6': 'images/402_Animals.png', 'act2': 'x', 'act3': 'b', 'act4': 'x', 'act5': 'b', 'act6': 'x', 'thisN': 0, 'thisTrialN': 0, 'thisRepN': 0}>
0.0354 	INFO 	Keyboard events cleared
0.0353 	WARNING 	t of last frame was 33.69ms (=1/29)
0.0353 	EXP 	sessText: height = np.float64(0.05)
0.0353 	EXP 	sessText: height = np.float64(0.05)
0.0353 	EXP 	sessText: height = np.float64(0.05)
0.0353 	EXP 	sessText: text = 'Session: 1\nPress Enter to start'
0.0353 	EXP 	sessText: autoDraw = True
0.7677 	EXP 	Device response: <KeyPress from None: t=0.5986078620189801, value=return, duration=None>
0.7680 	EXP 	Device response: <KeyPress from None: t=0.5986078620189801, value=return, duration=0.05469588900450617>
0.7724 	DATA 	Keypress: return
0.7754 	INFO 	Keyboard events cleared
0.7754 	WARNING 	t of last frame was 168.17ms (=1/5)
0.7754 	EXP 	sessText: autoDraw = False
0.7754 	EXP 	trialText: autoDraw = True
1.1982 	EXP 	Device response: <KeyPress from None: t=1.1957702699583024, value=return, duration=None>
1.1985 	EXP 	New trial (rep=0, index=0): <Trial 0 (0 in rep 0) data={'thisN': 0, 'thisTrialN': 0, 'thisRepN': 0}>
1.2107 	DEBUG 	Saving data for 1back_category ExperimentHandler
1.2113 	INFO 	saved data to /Users/xiaoxuan/Desktop/202510_proj_nat_abs_pyschopy/1back_category/data/pilot_1back_category_2025-10-12_15h33.42.150.psydat
1.2119 	INFO 	saved data to '/Users/xiaoxuan/Desktop/202510_proj_nat_abs_pyschopy/1back_category/data/pilot_1back_category_2025-10-12_15h33.42.150.csv'
1.2129 	WARNING 	Stopping key buffers but this could be dangerous ifother keyboards rely on the same.
1.2130 	WARNING 	Stopping key buffers but this could be dangerous ifother keyboards rely on the same.
1.2130 	WARNING 	Stopping key buffers but this could be dangerous ifother keyboards rely on the same.
1.2130 	WARNING 	Stopping key buffers but this could be dangerous ifother keyboards rely on the same.
1.2131 	WARNING 	Stopping key buffers but this could be dangerous ifother keyboards rely on the same.
