20.2284 	INFO 	Loaded monitor calibration from ['2022_04_13 13:32']
20.3771 	INFO 	Using renderer 'AMD Radeon Pro 5500M OpenGL Engine' for graphics
20.3771 	INFO 	OpenGL version supported by driver is 2..
20.3898 	EXP 	Created window1 = Window(allowGUI=True, allowStencil=False, autoLog=True, backendConf=UNKNOWN, backgroundFit=<method-wrapper '__getattribute__' of attributeSetter object at 0x138fcbf40>, backgroundImage=<method-wrapper '__getattribute__' of attributeSetter object at 0x138fcbee0>, bitsMode=UNKNOWN, blendMode='avg', bpc=(8, 8, 8), color=array([0, 0, 0]), colorSpace='rgb', depthBits=8, fullscr=False, gamma=None, gammaErrorPolicy='raise', infoMsg=UNKNOWN, lms=UNKNOWN, monitor=<psychopy.monitors.calibTools.Monitor object at 0x13918d000>, multiSample=False, name='window1', numSamples=2, pos=[np.float64(176.0), np.float64(60.0)], screen=0, size=array([1600, 1200]), stencilBits=0, stereo=False, title='PsychoPy', units='height', useFBO=True, useRetina=True, viewOri=0.0, viewPos=None, viewScale=None, waitBlanking=True, winType='pyglet')
20.3898 	EXP 	window1: backgroundImage = ''
20.3898 	EXP 	window1: backgroundFit = 'none'
20.4120 	DEBUG 	TextBox2 loaded 1 chars with 0 blanks and 1 valid
20.4235 	DEBUG 	TextBox2 loaded 1 chars with 0 blanks and 1 valid
20.4344 	DEBUG 	TextBox2 loaded 1 chars with 0 blanks and 1 valid
20.4467 	DEBUG 	TextBox2 loaded 1 chars with 0 blanks and 1 valid
20.4580 	DEBUG 	TextBox2 loaded 1 chars with 0 blanks and 1 valid
20.4687 	DEBUG 	TextBox2 loaded 1 chars with 0 blanks and 1 valid
20.4798 	DEBUG 	TextBox2 loaded 1 chars with 0 blanks and 1 valid
20.4910 	DEBUG 	TextBox2 loaded 1 chars with 0 blanks and 1 valid
20.5027 	DEBUG 	TextBox2 loaded 1 chars with 0 blanks and 1 valid
20.5131 	DEBUG 	TextBox2 loaded 1 chars with 0 blanks and 1 valid
20.5240 	DEBUG 	TextBox2 loaded 1 chars with 0 blanks and 1 valid
20.5348 	DEBUG 	TextBox2 loaded 1 chars with 0 blanks and 1 valid
20.5469 	DEBUG 	TextBox2 loaded 1 chars with 0 blanks and 1 valid
20.5589 	DEBUG 	TextBox2 loaded 1 chars with 0 blanks and 1 valid
20.5696 	DEBUG 	TextBox2 loaded 1 chars with 0 blanks and 1 valid
20.5809 	DEBUG 	TextBox2 loaded 1 chars with 0 blanks and 1 valid
20.5920 	DEBUG 	TextBox2 loaded 1 chars with 0 blanks and 1 valid
20.6032 	DEBUG 	TextBox2 loaded 1 chars with 0 blanks and 1 valid
20.6139 	DEBUG 	TextBox2 loaded 1 chars with 0 blanks and 1 valid
20.6251 	DEBUG 	TextBox2 loaded 1 chars with 0 blanks and 1 valid
20.6357 	DEBUG 	TextBox2 loaded 1 chars with 0 blanks and 1 valid
20.6360 	DEBUG 	Uploading Texture Font fontname to graphics card
20.6382 	DEBUG 	Upload of Texture Font fontname complete
20.6553 	DEBUG 	TextBox2 loaded 1 chars with 0 blanks and 1 valid
20.6664 	DEBUG 	TextBox2 loaded 1 chars with 0 blanks and 1 valid
20.6773 	DEBUG 	TextBox2 loaded 1 chars with 0 blanks and 1 valid
20.6776 	DEBUG 	Uploading Texture Font fontname to graphics card
20.6781 	DEBUG 	Upload of Texture Font fontname complete
20.6800 	EXP 	window1: Attempting to measure frame rate of screen (0) ...
20.6800 	EXP 	window1: recordFrameIntervals = False
21.0179 	EXP 	window1: recordFrameIntervals = True
21.8546 	WARNING 	Couldn't measure a consistent frame rate!
  - Is your graphics card set to sync to vertical blank?
  - Are you running other processes on your computer?

21.8744 	DEBUG 	TextBox2 loaded 1 chars with 0 blanks and 1 valid
21.8874 	DEBUG 	TextBox2 loaded 1 chars with 0 blanks and 1 valid
21.9008 	DEBUG 	TextBox2 loaded 1 chars with 0 blanks and 1 valid
21.9142 	DEBUG 	TextBox2 loaded 1 chars with 0 blanks and 1 valid
21.9266 	DEBUG 	TextBox2 loaded 1 chars with 0 blanks and 1 valid
21.9377 	DEBUG 	TextBox2 loaded 1 chars with 0 blanks and 1 valid
21.9498 	DEBUG 	TextBox2 loaded 1 chars with 0 blanks and 1 valid
21.9611 	DEBUG 	TextBox2 loaded 1 chars with 0 blanks and 1 valid
21.9724 	DEBUG 	TextBox2 loaded 1 chars with 0 blanks and 1 valid
21.9832 	DEBUG 	TextBox2 loaded 1 chars with 0 blanks and 1 valid
21.9835 	DEBUG 	Uploading Texture Font fontname to graphics card
21.9840 	DEBUG 	Upload of Texture Font fontname complete
23.7718 	INFO 	keyboard.Keyboard is using ptb backend.
24.1219 	INFO 	keyboard.Keyboard is using ptb backend.
24.4675 	INFO 	keyboard.Keyboard is using ptb backend.
24.8044 	INFO 	keyboard.Keyboard is using ptb backend.
25.1284 	INFO 	keyboard.Keyboard is using ptb backend.
25.1284 	EXP 	1back_category: status = STARTED
25.1669 	EXP 	Created sessText = TextStim(__class__=<class 'psychopy.visual.text.TextStim'>, alignHoriz=method-wrapper(...), alignText='center', alignVert=method-wrapper(...), anchorHoriz='center', anchorVert='center', antialias=True, autoDraw=False, autoLog=True, bold=False, color=array([1., 1., 1.]), colorSpace='rgb', contrast=1.0, depth=0.0, draggable=False, flipHoriz=False, flipVert=False, font='Open Sans', fontFiles=[], height=np.float64(0.05), italic=False, languageStyle='LTR', name='sessText', opacity=1, ori=0.0, pos=array([0., 0.]), rgb=UNKNOWN, text='Press Enter to start', units='height', win=Window(...), wrapWidth=1)
25.1711 	EXP 	Created trialText = TextStim(__class__=<class 'psychopy.visual.text.TextStim'>, alignHoriz=method-wrapper(...), alignText='center', alignVert=method-wrapper(...), anchorHoriz='center', anchorVert='center', antialias=True, autoDraw=False, autoLog=True, bold=False, color=array([1., 1., 1.]), colorSpace='rgb', contrast=1.0, depth=0.0, draggable=False, flipHoriz=False, flipVert=False, font='Open Sans', fontFiles=[], height=np.float64(0.05), italic=False, languageStyle='LTR', name='trialText', opacity=1, ori=0.0, pos=array([0., 0.]), rgb=UNKNOWN, text='Press Enter to start the trial', units='height', win=Window(...), wrapWidth=1)
25.1854 	EXP 	Created img = ImageStim(__class__=<class 'psychopy.visual.image.ImageStim'>, anchor=('center', 'center'), autoLog=True, color=array([1., 1., 1.]), colorSpace='rgb', contrast=1.0, depth=0.0, draggable=False, flipHoriz=np.False_, flipVert=np.False_, image='default.png', interpolate=True, mask=None, maskParams=None, name='img', opacity=1, ori=0.0, pos=array([0., 0.]), size=array([0.5, 0.5]), texRes=128.0, units='height', win=Window(...))
25.1925 	EXP 	Created itiText = TextStim(__class__=<class 'psychopy.visual.text.TextStim'>, alignHoriz=method-wrapper(...), alignText='center', alignVert=method-wrapper(...), anchorHoriz='center', anchorVert='center', antialias=True, autoDraw=False, autoLog=True, bold=False, color=array([1., 1., 1.]), colorSpace='rgb', contrast=1.0, depth=0.0, draggable=False, flipHoriz=False, flipVert=False, font='Open Sans', fontFiles=[], height=np.float64(0.05), italic=False, languageStyle='LTR', name='itiText', opacity=1, ori=0.0, pos=array([0., 0.]), rgb=UNKNOWN, text='Next trial in 5s - press Enter to start now', units='height', win=Window(...), wrapWidth=1)
0.0218 	DEBUG 	Read csv file with pandas: 1back_category_trials.csv
0.0229 	DEBUG 	Clearing unnamed columns from 1back_category_trials.csv
0.0240 	EXP 	Imported 1back_category_trials.csv as conditions, 3 conditions, 12 params
0.0243 	EXP 	New trial (rep=0, index=0): <Trial 0 (0 in rep 0) data={'session': np.int64(1), 'stim1': 'images/157_Chairs.png', 'stim2': 'images/188_Chairs.png', 'stim3': 'images/306_Planes.png', 'stim4': 'images/352_Cars.png', 'stim5': 'images/386_Cars.png', 'stim6': 'images/402_Animals.png', 'act2': 'x', 'act3': 'b', 'act4': 'x', 'act5': 'b', 'act6': 'x', 'thisN': 0, 'thisTrialN': 0, 'thisRepN': 0}>
0.0356 	INFO 	Keyboard events cleared
0.0355 	WARNING 	t of last frame was 33.95ms (=1/29)
0.0355 	EXP 	sessText: height = np.float64(0.05)
0.0355 	EXP 	sessText: height = np.float64(0.05)
0.0355 	EXP 	sessText: height = np.float64(0.05)
0.0355 	EXP 	sessText: text = 'Session: 1\nPress Enter to start'
0.0355 	EXP 	sessText: autoDraw = True
1.1987 	EXP 	Device response: <KeyPress from None: t=1.0255434149876237, value=return, duration=None>
1.1989 	EXP 	Device response: <KeyPress from None: t=1.0255434149876237, value=return, duration=0.13509236392565072>
1.2050 	DATA 	Keypress: return
1.2081 	INFO 	Keyboard events cleared
1.2080 	WARNING 	t of last frame was 181.79ms (=1/5)
1.2080 	EXP 	sessText: autoDraw = False
1.2080 	EXP 	trialText: autoDraw = True
1.9958 	EXP 	Device response: <KeyPress from None: t=1.9863477930193767, value=return, duration=None>
1.9961 	EXP 	New trial (rep=0, index=0): <Trial 0 (0 in rep 0) data={'thisN': 0, 'thisTrialN': 0, 'thisRepN': 0}>
2.0086 	DEBUG 	Saving data for 1back_category ExperimentHandler
2.0095 	INFO 	saved data to /Users/xiaoxuan/Desktop/202510_proj_nat_abs_pyschopy/1back_category/data/pilot_1back_category_2025-10-12_13h33.54.911.psydat
2.0101 	INFO 	saved data to '/Users/xiaoxuan/Desktop/202510_proj_nat_abs_pyschopy/1back_category/data/pilot_1back_category_2025-10-12_13h33.54.911.csv'
2.0136 	WARNING 	Stopping key buffers but this could be dangerous ifother keyboards rely on the same.
2.0137 	WARNING 	Stopping key buffers but this could be dangerous ifother keyboards rely on the same.
2.0137 	WARNING 	Stopping key buffers but this could be dangerous ifother keyboards rely on the same.
2.0138 	WARNING 	Stopping key buffers but this could be dangerous ifother keyboards rely on the same.
2.0138 	WARNING 	Stopping key buffers but this could be dangerous ifother keyboards rely on the same.
