37.4833 	INFO 	Loaded monitor calibration from ['2022_04_13 13:32']
37.6390 	INFO 	Using renderer 'AMD Radeon Pro 5500M OpenGL Engine' for graphics
37.6391 	INFO 	OpenGL version supported by driver is 2..
37.6521 	EXP 	Created window1 = Window(allowGUI=True, allowStencil=False, autoLog=True, backendConf=UNKNOWN, backgroundFit=<method-wrapper '__getattribute__' of attributeSetter object at 0x131d8a980>, backgroundImage=<method-wrapper '__getattribute__' of attributeSetter object at 0x131d8a9e0>, bitsMode=UNKNOWN, blendMode='avg', bpc=(8, 8, 8), color=array([0, 0, 0]), colorSpace='rgb', depthBits=8, fullscr=False, gamma=None, gammaErrorPolicy='raise', infoMsg=UNKNOWN, lms=UNKNOWN, monitor=<psychopy.monitors.calibTools.Monitor object at 0x131dd2e30>, multiSample=False, name='window1', numSamples=2, pos=[np.float64(176.0), np.float64(60.0)], screen=0, size=array([1600, 1200]), stencilBits=0, stereo=False, title='PsychoPy', units='height', useFBO=True, useRetina=True, viewOri=0.0, viewPos=None, viewScale=None, waitBlanking=True, winType='pyglet')
37.6522 	EXP 	window1: backgroundImage = ''
37.6522 	EXP 	window1: backgroundFit = 'none'
37.6740 	DEBUG 	TextBox2 loaded 1 chars with 0 blanks and 1 valid
37.6850 	DEBUG 	TextBox2 loaded 1 chars with 0 blanks and 1 valid
37.6983 	DEBUG 	TextBox2 loaded 1 chars with 0 blanks and 1 valid
37.7095 	DEBUG 	TextBox2 loaded 1 chars with 0 blanks and 1 valid
37.7215 	DEBUG 	TextBox2 loaded 1 chars with 0 blanks and 1 valid
37.7331 	DEBUG 	TextBox2 loaded 1 chars with 0 blanks and 1 valid
37.7447 	DEBUG 	TextBox2 loaded 1 chars with 0 blanks and 1 valid
37.7563 	DEBUG 	TextBox2 loaded 1 chars with 0 blanks and 1 valid
37.7695 	DEBUG 	TextBox2 loaded 1 chars with 0 blanks and 1 valid
37.7822 	DEBUG 	TextBox2 loaded 1 chars with 0 blanks and 1 valid
37.7957 	DEBUG 	TextBox2 loaded 1 chars with 0 blanks and 1 valid
37.8082 	DEBUG 	TextBox2 loaded 1 chars with 0 blanks and 1 valid
37.8223 	DEBUG 	TextBox2 loaded 1 chars with 0 blanks and 1 valid
37.8362 	DEBUG 	TextBox2 loaded 1 chars with 0 blanks and 1 valid
37.8490 	DEBUG 	TextBox2 loaded 1 chars with 0 blanks and 1 valid
37.8626 	DEBUG 	TextBox2 loaded 1 chars with 0 blanks and 1 valid
37.8762 	DEBUG 	TextBox2 loaded 1 chars with 0 blanks and 1 valid
37.8888 	DEBUG 	TextBox2 loaded 1 chars with 0 blanks and 1 valid
37.9013 	DEBUG 	TextBox2 loaded 1 chars with 0 blanks and 1 valid
37.9146 	DEBUG 	TextBox2 loaded 1 chars with 0 blanks and 1 valid
37.9268 	DEBUG 	TextBox2 loaded 1 chars with 0 blanks and 1 valid
37.9271 	DEBUG 	Uploading Texture Font fontname to graphics card
37.9292 	DEBUG 	Upload of Texture Font fontname complete
37.9487 	DEBUG 	TextBox2 loaded 1 chars with 0 blanks and 1 valid
37.9600 	DEBUG 	TextBox2 loaded 1 chars with 0 blanks and 1 valid
37.9714 	DEBUG 	TextBox2 loaded 1 chars with 0 blanks and 1 valid
37.9717 	DEBUG 	Uploading Texture Font fontname to graphics card
37.9721 	DEBUG 	Upload of Texture Font fontname complete
37.9738 	EXP 	window1: Attempting to measure frame rate of screen (0) ...
37.9739 	EXP 	window1: recordFrameIntervals = False
38.3094 	EXP 	window1: recordFrameIntervals = True
38.9662 	DATA 	Mouse: Left button down, pos=(596,275)
38.9964 	DATA 	Mouse:  Left button up, pos=(596,275)
39.1457 	WARNING 	Couldn't measure a consistent frame rate!
  - Is your graphics card set to sync to vertical blank?
  - Are you running other processes on your computer?

39.1650 	DEBUG 	TextBox2 loaded 1 chars with 0 blanks and 1 valid
39.1778 	DEBUG 	TextBox2 loaded 1 chars with 0 blanks and 1 valid
39.1893 	DEBUG 	TextBox2 loaded 1 chars with 0 blanks and 1 valid
39.2005 	DEBUG 	TextBox2 loaded 1 chars with 0 blanks and 1 valid
39.2114 	DEBUG 	TextBox2 loaded 1 chars with 0 blanks and 1 valid
39.2223 	DEBUG 	TextBox2 loaded 1 chars with 0 blanks and 1 valid
39.2328 	DEBUG 	TextBox2 loaded 1 chars with 0 blanks and 1 valid
39.2450 	DEBUG 	TextBox2 loaded 1 chars with 0 blanks and 1 valid
39.2558 	DEBUG 	TextBox2 loaded 1 chars with 0 blanks and 1 valid
39.2666 	DEBUG 	TextBox2 loaded 1 chars with 0 blanks and 1 valid
39.2669 	DEBUG 	Uploading Texture Font fontname to graphics card
39.2673 	DEBUG 	Upload of Texture Font fontname complete
41.0763 	INFO 	keyboard.Keyboard is using ptb backend.
41.4156 	INFO 	keyboard.Keyboard is using ptb backend.
41.7338 	INFO 	keyboard.Keyboard is using ptb backend.
42.0590 	INFO 	keyboard.Keyboard is using ptb backend.
42.3754 	INFO 	keyboard.Keyboard is using ptb backend.
42.3754 	EXP 	1back_category: status = STARTED
42.4175 	EXP 	Created sessText = TextStim(__class__=<class 'psychopy.visual.text.TextStim'>, alignHoriz=method-wrapper(...), alignText='center', alignVert=method-wrapper(...), anchorHoriz='center', anchorVert='center', antialias=True, autoDraw=False, autoLog=True, bold=False, color=array([1., 1., 1.]), colorSpace='rgb', contrast=1.0, depth=0.0, draggable=False, flipHoriz=False, flipVert=False, font='Open Sans', fontFiles=[], height=np.float64(0.05), italic=False, languageStyle='LTR', name='sessText', opacity=1, ori=0.0, pos=array([0., 0.]), rgb=UNKNOWN, text='Press Enter to start', units='height', win=Window(...), wrapWidth=1)
42.4220 	EXP 	Created trialText = TextStim(__class__=<class 'psychopy.visual.text.TextStim'>, alignHoriz=method-wrapper(...), alignText='center', alignVert=method-wrapper(...), anchorHoriz='center', anchorVert='center', antialias=True, autoDraw=False, autoLog=True, bold=False, color=array([1., 1., 1.]), colorSpace='rgb', contrast=1.0, depth=0.0, draggable=False, flipHoriz=False, flipVert=False, font='Open Sans', fontFiles=[], height=np.float64(0.05), italic=False, languageStyle='LTR', name='trialText', opacity=1, ori=0.0, pos=array([0., 0.]), rgb=UNKNOWN, text='Press Enter to start the trial', units='height', win=Window(...), wrapWidth=1)
42.4382 	EXP 	Created img = ImageStim(__class__=<class 'psychopy.visual.image.ImageStim'>, anchor=('center', 'center'), autoLog=True, color=array([1., 1., 1.]), colorSpace='rgb', contrast=1.0, depth=0.0, draggable=False, flipHoriz=np.False_, flipVert=np.False_, image='default.png', interpolate=True, mask=None, maskParams=None, name='img', opacity=1, ori=0.0, pos=array([0., 0.]), size=array([0.5, 0.5]), texRes=128.0, units='height', win=Window(...))
42.4454 	EXP 	Created itiText = TextStim(__class__=<class 'psychopy.visual.text.TextStim'>, alignHoriz=method-wrapper(...), alignText='center', alignVert=method-wrapper(...), anchorHoriz='center', anchorVert='center', antialias=True, autoDraw=False, autoLog=True, bold=False, color=array([1., 1., 1.]), colorSpace='rgb', contrast=1.0, depth=0.0, draggable=False, flipHoriz=False, flipVert=False, font='Open Sans', fontFiles=[], height=np.float64(0.05), italic=False, languageStyle='LTR', name='itiText', opacity=1, ori=0.0, pos=array([0., 0.]), rgb=UNKNOWN, text='Next trial in 5s - press Enter to start now', units='height', win=Window(...), wrapWidth=1)
0.0216 	DEBUG 	Read csv file with pandas: 1back_category_trials.csv
0.0227 	DEBUG 	Clearing unnamed columns from 1back_category_trials.csv
0.0238 	EXP 	Imported 1back_category_trials.csv as conditions, 3 conditions, 12 params
0.0241 	EXP 	New trial (rep=0, index=0): <Trial 0 (0 in rep 0) data={'session': np.int64(1), 'stim1': 'images/157_Chairs.png', 'stim2': 'images/188_Chairs.png', 'stim3': 'images/306_Planes.png', 'stim4': 'images/352_Cars.png', 'stim5': 'images/386_Cars.png', 'stim6': 'images/402_Animals.png', 'act2': 'x', 'act3': 'b', 'act4': 'x', 'act5': 'b', 'act6': 'x', 'thisN': 0, 'thisTrialN': 0, 'thisRepN': 0}>
0.0352 	INFO 	Keyboard events cleared
0.0351 	WARNING 	t of last frame was 33.57ms (=1/29)
0.0351 	EXP 	sessText: height = np.float64(0.05)
0.0351 	EXP 	sessText: height = np.float64(0.05)
0.0351 	EXP 	sessText: height = np.float64(0.05)
0.0351 	EXP 	sessText: text = 'Session: 1\nPress Enter to start'
0.0351 	EXP 	sessText: autoDraw = True
1.9710 	EXP 	Device response: <KeyPress from None: t=1.7931539959972724, value=return, duration=None>
1.9712 	EXP 	Device response: <KeyPress from None: t=1.7931539959972724, value=return, duration=0.03918600198812783>
1.9778 	DATA 	Keypress: return
1.9810 	INFO 	Keyboard events cleared
1.9809 	WARNING 	t of last frame was 183.43ms (=1/5)
1.9809 	EXP 	sessText: autoDraw = False
1.9809 	EXP 	trialText: autoDraw = True
2.3171 	EXP 	Device response: <KeyPress from None: t=2.3094317129580304, value=return, duration=None>
2.3177 	EXP 	New trial (rep=0, index=0): <Trial 0 (0 in rep 0) data={'thisN': 0, 'thisTrialN': 0, 'thisRepN': 0}>
2.3297 	DEBUG 	Saving data for 1back_category ExperimentHandler
2.3302 	INFO 	saved data to /Users/xiaoxuan/Desktop/202510_proj_nat_abs_pyschopy/1back_category/data/pilot_1back_category_2025-10-12_13h40.43.416.psydat
2.3308 	INFO 	saved data to '/Users/xiaoxuan/Desktop/202510_proj_nat_abs_pyschopy/1back_category/data/pilot_1back_category_2025-10-12_13h40.43.416.csv'
2.3317 	WARNING 	Stopping key buffers but this could be dangerous ifother keyboards rely on the same.
2.3318 	WARNING 	Stopping key buffers but this could be dangerous ifother keyboards rely on the same.
2.3318 	WARNING 	Stopping key buffers but this could be dangerous ifother keyboards rely on the same.
2.3318 	WARNING 	Stopping key buffers but this could be dangerous ifother keyboards rely on the same.
2.3318 	WARNING 	Stopping key buffers but this could be dangerous ifother keyboards rely on the same.
